<?xml version="1.0" encoding="UTF-8"?>
<coverage generated="1745167634844" clover="3.2.0">
  <project timestamp="1745167634844" name="All files">
    <metrics statements="291" coveredstatements="146" conditionals="237" coveredconditionals="120" methods="21" coveredmethods="10" elements="549" coveredelements="276" complexity="0" loc="291" ncloc="291" packages="2" files="3" classes="3"/>
    <package name="src">
      <metrics statements="1" coveredstatements="1" conditionals="0" coveredconditionals="0" methods="1" coveredmethods="1"/>
      <file name="index.ts" path="/Users/romochka/Multiverse/esm-styles/src/index.ts">
        <metrics statements="1" coveredstatements="1" conditionals="0" coveredconditionals="0" methods="1" coveredmethods="1"/>
        <line num="17" count="1" type="stmt"/>
      </file>
    </package>
    <package name="src.lib">
      <metrics statements="290" coveredstatements="145" conditionals="237" coveredconditionals="120" methods="20" coveredmethods="9"/>
      <file name="simple-js2css.ts" path="/Users/romochka/Multiverse/esm-styles/src/lib/simple-js2css.ts">
        <metrics statements="128" coveredstatements="4" conditionals="95" coveredconditionals="0" methods="11" coveredmethods="0"/>
        <line num="15" count="1" type="stmt"/>
        <line num="24" count="1" type="stmt"/>
        <line num="30" count="1" type="stmt"/>
        <line num="37" count="1" type="stmt"/>
        <line num="154" count="0" type="stmt"/>
        <line num="158" count="0" type="stmt"/>
        <line num="162" count="0" type="cond" truecount="0" falsecount="3"/>
        <line num="166" count="0" type="stmt"/>
        <line num="167" count="0" type="stmt"/>
        <line num="169" count="0" type="cond" truecount="0" falsecount="2"/>
        <line num="174" count="0" type="cond" truecount="0" falsecount="1"/>
        <line num="175" count="0" type="stmt"/>
        <line num="179" count="0" type="cond" truecount="0" falsecount="1"/>
        <line num="181" count="0" type="stmt"/>
        <line num="182" count="0" type="stmt"/>
        <line num="183" count="0" type="stmt"/>
        <line num="184" count="0" type="cond" truecount="0" falsecount="2"/>
        <line num="186" count="0" type="stmt"/>
        <line num="188" count="0" type="stmt"/>
        <line num="191" count="0" type="stmt"/>
        <line num="194" count="0" type="stmt"/>
        <line num="200" count="0" type="cond" truecount="0" falsecount="2"/>
        <line num="201" count="0" type="cond" truecount="0" falsecount="2"/>
        <line num="202" count="0" type="cond" truecount="0" falsecount="2"/>
        <line num="210" count="0" type="stmt"/>
        <line num="213" count="0" type="stmt"/>
        <line num="216" count="0" type="cond" truecount="0" falsecount="1"/>
        <line num="217" count="0" type="stmt"/>
        <line num="221" count="0" type="stmt"/>
        <line num="222" count="0" type="stmt"/>
        <line num="223" count="0" type="stmt"/>
        <line num="224" count="0" type="stmt"/>
        <line num="225" count="0" type="cond" truecount="0" falsecount="3"/>
        <line num="226" count="0" type="stmt"/>
        <line num="228" count="0" type="stmt"/>
        <line num="230" count="0" type="stmt"/>
        <line num="234" count="0" type="stmt"/>
        <line num="235" count="0" type="stmt"/>
        <line num="236" count="0" type="cond" truecount="0" falsecount="1"/>
        <line num="237" count="0" type="stmt"/>
        <line num="243" count="0" type="stmt"/>
        <line num="244" count="0" type="stmt"/>
        <line num="247" count="0" type="stmt"/>
        <line num="248" count="0" type="cond" truecount="0" falsecount="3"/>
        <line num="249" count="0" type="stmt"/>
        <line num="250" count="0" type="cond" truecount="0" falsecount="1"/>
        <line num="251" count="0" type="stmt"/>
        <line num="257" count="0" type="stmt"/>
        <line num="261" count="0" type="stmt"/>
        <line num="269" count="0" type="stmt"/>
        <line num="270" count="0" type="stmt"/>
        <line num="271" count="0" type="cond" truecount="0" falsecount="2"/>
        <line num="273" count="0" type="stmt"/>
        <line num="278" count="0" type="stmt"/>
        <line num="282" count="0" type="stmt"/>
        <line num="285" count="0" type="stmt"/>
        <line num="287" count="0" type="cond" truecount="0" falsecount="1"/>
        <line num="288" count="0" type="stmt"/>
        <line num="289" count="0" type="stmt"/>
        <line num="290" count="0" type="stmt"/>
        <line num="291" count="0" type="stmt"/>
        <line num="292" count="0" type="stmt"/>
        <line num="293" count="0" type="cond" truecount="0" falsecount="3"/>
        <line num="294" count="0" type="stmt"/>
        <line num="296" count="0" type="stmt"/>
        <line num="298" count="0" type="stmt"/>
        <line num="301" count="0" type="stmt"/>
        <line num="305" count="0" type="stmt"/>
        <line num="320" count="0" type="stmt"/>
        <line num="321" count="0" type="stmt"/>
        <line num="322" count="0" type="stmt"/>
        <line num="323" count="0" type="stmt"/>
        <line num="326" count="0" type="stmt"/>
        <line num="327" count="0" type="stmt"/>
        <line num="334" count="0" type="stmt"/>
        <line num="335" count="0" type="stmt"/>
        <line num="338" count="0" type="cond" truecount="0" falsecount="1"/>
        <line num="342" count="0" type="stmt"/>
        <line num="343" count="0" type="stmt"/>
        <line num="347" count="0" type="cond" truecount="0" falsecount="3"/>
        <line num="348" count="0" type="cond" truecount="0" falsecount="2"/>
        <line num="349" count="0" type="stmt"/>
        <line num="353" count="0" type="cond" truecount="0" falsecount="3"/>
        <line num="354" count="0" type="stmt"/>
        <line num="355" count="0" type="stmt"/>
        <line num="359" count="0" type="cond" truecount="0" falsecount="1"/>
        <line num="361" count="0" type="cond" truecount="0" falsecount="2"/>
        <line num="363" count="0" type="cond" truecount="0" falsecount="1"/>
        <line num="365" count="0" type="cond" truecount="0" falsecount="1"/>
        <line num="366" count="0" type="stmt"/>
        <line num="368" count="0" type="stmt"/>
        <line num="371" count="0" type="stmt"/>
        <line num="372" count="0" type="cond" truecount="0" falsecount="1"/>
        <line num="373" count="0" type="stmt"/>
        <line num="375" count="0" type="stmt"/>
        <line num="377" count="0" type="stmt"/>
        <line num="381" count="0" type="cond" truecount="0" falsecount="2"/>
        <line num="392" count="0" type="stmt"/>
        <line num="400" count="0" type="stmt"/>
        <line num="403" count="0" type="stmt"/>
        <line num="404" count="0" type="cond" truecount="0" falsecount="1"/>
        <line num="405" count="0" type="stmt"/>
        <line num="407" count="0" type="stmt"/>
        <line num="411" count="0" type="stmt"/>
        <line num="414" count="0" type="stmt"/>
        <line num="415" count="0" type="cond" truecount="0" falsecount="1"/>
        <line num="416" count="0" type="stmt"/>
        <line num="418" count="0" type="stmt"/>
        <line num="422" count="0" type="stmt"/>
        <line num="429" count="0" type="cond" truecount="0" falsecount="3"/>
        <line num="430" count="0" type="stmt"/>
        <line num="435" count="0" type="cond" truecount="0" falsecount="1"/>
        <line num="436" count="0" type="stmt"/>
        <line num="437" count="0" type="cond" truecount="0" falsecount="2"/>
        <line num="441" count="0" type="cond" truecount="0" falsecount="1"/>
        <line num="442" count="0" type="stmt"/>
        <line num="443" count="0" type="cond" truecount="0" falsecount="2"/>
        <line num="447" count="0" type="cond" truecount="0" falsecount="1"/>
        <line num="456" count="0" type="cond" truecount="0" falsecount="2"/>
        <line num="460" count="0" type="cond" truecount="0" falsecount="1"/>
        <line num="461" count="0" type="cond" truecount="0" falsecount="2"/>
        <line num="465" count="0" type="cond" truecount="0" falsecount="1"/>
        <line num="468" count="0" type="cond" truecount="0" falsecount="2"/>
        <line num="472" count="0" type="cond" truecount="0" falsecount="1"/>
        <line num="478" count="0" type="stmt"/>
        <line num="482" count="0" type="cond" truecount="0" falsecount="2"/>
        <line num="484" count="0" type="cond" truecount="0" falsecount="2"/>
        <line num="487" count="0" type="stmt"/>
      </file>
      <file name="test-js2css.ts" path="/Users/romochka/Multiverse/esm-styles/src/lib/test-js2css.ts">
        <metrics statements="162" coveredstatements="141" conditionals="142" coveredconditionals="120" methods="9" coveredmethods="9"/>
        <line num="11" count="1" type="stmt"/>
        <line num="127" count="1" type="stmt"/>
        <line num="138" count="37" type="stmt"/>
        <line num="142" count="19" type="stmt"/>
        <line num="146" count="178" type="cond" truecount="3" falsecount="0"/>
        <line num="150" count="4" type="stmt"/>
        <line num="151" count="4" type="stmt"/>
        <line num="153" count="20" type="cond" truecount="2" falsecount="0"/>
        <line num="158" count="2" type="cond" truecount="0" falsecount="1"/>
        <line num="159" count="0" type="stmt"/>
        <line num="163" count="2" type="cond" truecount="1" falsecount="0"/>
        <line num="165" count="2" type="stmt"/>
        <line num="166" count="2" type="stmt"/>
        <line num="167" count="3" type="stmt"/>
        <line num="168" count="3" type="cond" truecount="1" falsecount="1"/>
        <line num="170" count="3" type="stmt"/>
        <line num="172" count="0" type="stmt"/>
        <line num="175" count="2" type="stmt"/>
        <line num="178" count="0" type="stmt"/>
        <line num="185" count="13" type="cond" truecount="2" falsecount="0"/>
        <line num="188" count="13" type="stmt"/>
        <line num="189" count="13" type="stmt"/>
        <line num="190" count="13" type="stmt"/>
        <line num="191" count="13" type="stmt"/>
        <line num="194" count="13" type="stmt"/>
        <line num="205" count="13" type="stmt"/>
        <line num="208" count="13" type="cond" truecount="1" falsecount="0"/>
        <line num="209" count="1" type="stmt"/>
        <line num="213" count="13" type="stmt"/>
        <line num="216" count="13" type="stmt"/>
        <line num="217" count="28" type="stmt"/>
        <line num="218" count="28" type="stmt"/>
        <line num="219" count="31" type="stmt"/>
        <line num="222" count="31" type="cond" truecount="3" falsecount="0"/>
        <line num="223" count="2" type="stmt"/>
        <line num="226" count="31" type="stmt"/>
        <line num="228" count="28" type="stmt"/>
        <line num="229" count="28" type="stmt"/>
        <line num="232" count="13" type="cond" truecount="1" falsecount="0"/>
        <line num="233" count="12" type="stmt"/>
        <line num="237" count="13" type="stmt"/>
        <line num="238" count="1" type="cond" truecount="1" falsecount="0"/>
        <line num="239" count="1" type="stmt"/>
        <line num="244" count="13" type="stmt"/>
        <line num="245" count="3" type="cond" truecount="1" falsecount="0"/>
        <line num="247" count="3" type="stmt"/>
        <line num="248" count="3" type="cond" truecount="3" falsecount="0"/>
        <line num="249" count="2" type="stmt"/>
        <line num="250" count="2" type="cond" truecount="1" falsecount="0"/>
        <line num="251" count="2" type="stmt"/>
        <line num="257" count="3" type="stmt"/>
        <line num="263" count="13" type="stmt"/>
        <line num="279" count="55" type="cond" truecount="1" falsecount="0"/>
        <line num="280" count="42" type="stmt"/>
        <line num="281" count="62" type="stmt"/>
        <line num="284" count="62" type="cond" truecount="1" falsecount="0"/>
        <line num="294" count="25" type="stmt"/>
        <line num="297" count="37" type="stmt"/>
        <line num="299" count="37" type="cond" truecount="1" falsecount="0"/>
        <line num="300" count="34" type="stmt"/>
        <line num="303" count="37" type="stmt"/>
        <line num="308" count="55" type="stmt"/>
        <line num="309" count="80" type="stmt"/>
        <line num="312" count="80" type="cond" truecount="1" falsecount="0"/>
        <line num="322" count="37" type="stmt"/>
        <line num="326" count="43" type="cond" truecount="3" falsecount="0"/>
        <line num="327" count="1" type="cond" truecount="1" falsecount="1"/>
        <line num="328" count="1" type="stmt"/>
        <line num="332" count="42" type="cond" truecount="1" falsecount="0"/>
        <line num="336" count="4" type="cond" truecount="1" falsecount="0"/>
        <line num="337" count="3" type="stmt"/>
        <line num="341" count="4" type="stmt"/>
        <line num="342" count="4" type="stmt"/>
        <line num="353" count="4" type="stmt"/>
        <line num="354" count="4" type="stmt"/>
        <line num="355" count="4" type="stmt"/>
        <line num="356" count="4" type="stmt"/>
        <line num="357" count="4" type="stmt"/>
        <line num="359" count="4" type="cond" truecount="1" falsecount="2"/>
        <line num="360" count="0" type="stmt"/>
        <line num="363" count="4" type="stmt"/>
        <line num="365" count="4" type="stmt"/>
        <line num="366" count="4" type="stmt"/>
        <line num="370" count="4" type="stmt"/>
        <line num="371" count="4" type="stmt"/>
        <line num="375" count="38" type="cond" truecount="3" falsecount="0"/>
        <line num="376" count="2" type="cond" truecount="1" falsecount="0"/>
        <line num="377" count="1" type="stmt"/>
        <line num="381" count="2" type="stmt"/>
        <line num="382" count="2" type="stmt"/>
        <line num="393" count="2" type="stmt"/>
        <line num="394" count="2" type="stmt"/>
        <line num="395" count="2" type="stmt"/>
        <line num="396" count="2" type="stmt"/>
        <line num="397" count="2" type="stmt"/>
        <line num="399" count="2" type="cond" truecount="1" falsecount="2"/>
        <line num="400" count="0" type="stmt"/>
        <line num="403" count="2" type="stmt"/>
        <line num="405" count="2" type="stmt"/>
        <line num="406" count="2" type="stmt"/>
        <line num="410" count="2" type="stmt"/>
        <line num="411" count="2" type="stmt"/>
        <line num="415" count="36" type="cond" truecount="0" falsecount="1"/>
        <line num="424" count="0" type="cond" truecount="0" falsecount="2"/>
        <line num="425" count="0" type="stmt"/>
        <line num="427" count="0" type="cond" truecount="0" falsecount="1"/>
        <line num="428" count="0" type="stmt"/>
        <line num="431" count="0" type="stmt"/>
        <line num="432" count="0" type="stmt"/>
        <line num="436" count="36" type="stmt"/>
        <line num="437" count="36" type="stmt"/>
        <line num="454" count="36" type="cond" truecount="4" falsecount="0"/>
        <line num="455" count="4" type="stmt"/>
        <line num="459" count="32" type="cond" truecount="4" falsecount="0"/>
        <line num="460" count="1" type="stmt"/>
        <line num="464" count="31" type="cond" truecount="3" falsecount="0"/>
        <line num="465" count="1" type="stmt"/>
        <line num="467" count="30" type="cond" truecount="3" falsecount="0"/>
        <line num="468" count="1" type="stmt"/>
        <line num="472" count="29" type="cond" truecount="3" falsecount="0"/>
        <line num="473" count="1" type="stmt"/>
        <line num="475" count="28" type="cond" truecount="3" falsecount="0"/>
        <line num="476" count="1" type="stmt"/>
        <line num="478" count="27" type="cond" truecount="3" falsecount="0"/>
        <line num="479" count="1" type="stmt"/>
        <line num="481" count="26" type="cond" truecount="3" falsecount="0"/>
        <line num="482" count="1" type="stmt"/>
        <line num="484" count="25" type="cond" truecount="3" falsecount="0"/>
        <line num="485" count="1" type="stmt"/>
        <line num="489" count="24" type="cond" truecount="4" falsecount="0"/>
        <line num="490" count="2" type="stmt"/>
        <line num="492" count="22" type="cond" truecount="3" falsecount="0"/>
        <line num="493" count="2" type="stmt"/>
        <line num="497" count="20" type="cond" truecount="3" falsecount="0"/>
        <line num="498" count="1" type="stmt"/>
        <line num="502" count="19" type="cond" truecount="3" falsecount="0"/>
        <line num="503" count="1" type="stmt"/>
        <line num="507" count="18" type="cond" truecount="3" falsecount="0"/>
        <line num="508" count="1" type="stmt"/>
        <line num="510" count="17" type="cond" truecount="3" falsecount="0"/>
        <line num="512" count="1" type="stmt"/>
        <line num="516" count="16" type="cond" truecount="4" falsecount="0"/>
        <line num="517" count="2" type="stmt"/>
        <line num="521" count="14" type="cond" truecount="3" falsecount="0"/>
        <line num="522" count="1" type="stmt"/>
        <line num="526" count="13" type="cond" truecount="3" falsecount="0"/>
        <line num="527" count="1" type="stmt"/>
        <line num="531" count="12" type="cond" truecount="0" falsecount="1"/>
        <line num="532" count="0" type="stmt"/>
        <line num="535" count="12" type="cond" truecount="0" falsecount="1"/>
        <line num="536" count="0" type="stmt"/>
        <line num="539" count="12" type="cond" truecount="3" falsecount="1"/>
        <line num="540" count="0" type="stmt"/>
        <line num="543" count="12" type="cond" truecount="1" falsecount="0"/>
        <line num="544" count="12" type="cond" truecount="1" falsecount="1"/>
        <line num="547" count="0" type="cond" truecount="0" falsecount="1"/>
        <line num="548" count="0" type="stmt"/>
        <line num="552" count="0" type="stmt"/>
        <line num="553" count="0" type="stmt"/>
        <line num="555" count="0" type="cond" truecount="0" falsecount="1"/>
        <line num="556" count="0" type="stmt"/>
        <line num="559" count="0" type="stmt"/>
      </file>
    </package>
  </project>
</coverage>
