<?xml version="1.0" encoding="UTF-8"?>
<coverage generated="1745172344030" clover="3.2.0">
  <project timestamp="1745172344030" name="All files">
    <metrics statements="231" coveredstatements="181" conditionals="136" coveredconditionals="86" methods="37" coveredmethods="33" elements="404" coveredelements="300" complexity="0" loc="231" ncloc="231" packages="2" files="8" classes="8"/>
    <package name="lib">
      <metrics statements="113" coveredstatements="81" conditionals="56" coveredconditionals="34" methods="11" coveredmethods="10"/>
      <file name="getCss.ts" path="/Users/romochka/Multiverse/esm-styles/src/lib/getCss.ts">
        <metrics statements="113" coveredstatements="81" conditionals="56" coveredconditionals="34" methods="11" coveredmethods="10"/>
        <line num="34" count="13" type="stmt"/>
        <line num="35" count="13" type="stmt"/>
        <line num="36" count="13" type="stmt"/>
        <line num="37" count="13" type="stmt"/>
        <line num="38" count="13" type="stmt"/>
        <line num="39" count="13" type="stmt"/>
        <line num="42" count="13" type="stmt"/>
        <line num="43" count="85" type="cond" truecount="1" falsecount="0"/>
        <line num="45" count="72" type="stmt"/>
        <line num="46" count="72" type="stmt"/>
        <line num="47" count="72" type="cond" truecount="1" falsecount="1"/>
        <line num="49" count="72" type="cond" truecount="4" falsecount="1"/>
        <line num="52" count="34" type="stmt"/>
        <line num="55" count="56" type="cond" truecount="2" falsecount="0"/>
        <line num="56" count="1" type="stmt"/>
        <line num="57" count="6" type="stmt"/>
        <line num="59" count="1" type="stmt"/>
        <line num="62" count="1" type="stmt"/>
        <line num="63" count="6" type="stmt"/>
        <line num="64" count="6" type="stmt"/>
        <line num="67" count="6" type="cond" truecount="0" falsecount="1"/>
        <line num="68" count="0" type="stmt"/>
        <line num="72" count="6" type="stmt"/>
        <line num="76" count="6" type="stmt"/>
        <line num="80" count="33" type="stmt"/>
        <line num="81" count="33" type="stmt"/>
        <line num="84" count="33" type="cond" truecount="1" falsecount="0"/>
        <line num="85" count="2" type="stmt"/>
        <line num="89" count="33" type="stmt"/>
        <line num="93" count="33" type="stmt"/>
        <line num="95" count="34" type="stmt"/>
        <line num="100" count="1" type="cond" truecount="1" falsecount="1"/>
        <line num="101" count="1" type="cond" truecount="1" falsecount="0"/>
        <line num="102" count="1" type="stmt"/>
        <line num="104" count="1" type="stmt"/>
        <line num="109" count="2" type="stmt"/>
        <line num="110" count="2" type="stmt"/>
        <line num="111" count="2" type="stmt"/>
        <line num="112" count="2" type="stmt"/>
        <line num="117" count="0" type="stmt"/>
        <line num="118" count="0" type="stmt"/>
        <line num="119" count="0" type="stmt"/>
        <line num="120" count="0" type="stmt"/>
        <line num="125" count="3" type="stmt"/>
        <line num="126" count="3" type="stmt"/>
        <line num="128" count="3" type="cond" truecount="1" falsecount="1"/>
        <line num="130" count="0" type="stmt"/>
        <line num="131" count="0" type="cond" truecount="0" falsecount="2"/>
        <line num="132" count="0" type="stmt"/>
        <line num="133" count="0" type="stmt"/>
        <line num="136" count="3" type="stmt"/>
        <line num="138" count="3" type="cond" truecount="2" falsecount="0"/>
        <line num="140" count="1" type="stmt"/>
        <line num="141" count="2" type="cond" truecount="1" falsecount="1"/>
        <line num="143" count="2" type="stmt"/>
        <line num="146" count="0" type="stmt"/>
        <line num="147" count="0" type="stmt"/>
        <line num="152" count="3" type="stmt"/>
        <line num="154" count="3" type="cond" truecount="1" falsecount="0"/>
        <line num="155" count="3" type="stmt"/>
        <line num="159" count="3" type="stmt"/>
        <line num="164" count="3" type="stmt"/>
        <line num="168" count="72" type="stmt"/>
        <line num="172" count="13" type="stmt"/>
        <line num="175" count="13" type="cond" truecount="1" falsecount="0"/>
        <line num="176" count="1" type="stmt"/>
        <line num="180" count="13" type="cond" truecount="1" falsecount="0"/>
        <line num="181" count="1" type="stmt"/>
        <line num="183" count="1" type="stmt"/>
        <line num="186" count="1" type="stmt"/>
        <line num="187" count="1" type="cond" truecount="0" falsecount="1"/>
        <line num="189" count="1" type="stmt"/>
        <line num="195" count="1" type="cond" truecount="1" falsecount="1"/>
        <line num="200" count="1" type="cond" truecount="1" falsecount="0"/>
        <line num="201" count="1" type="stmt"/>
        <line num="206" count="13" type="cond" truecount="0" falsecount="1"/>
        <line num="207" count="0" type="stmt"/>
        <line num="209" count="0" type="stmt"/>
        <line num="212" count="0" type="stmt"/>
        <line num="213" count="0" type="cond" truecount="0" falsecount="1"/>
        <line num="215" count="0" type="stmt"/>
        <line num="221" count="0" type="cond" truecount="0" falsecount="2"/>
        <line num="228" count="0" type="cond" truecount="0" falsecount="1"/>
        <line num="229" count="0" type="stmt"/>
        <line num="234" count="13" type="cond" truecount="1" falsecount="0"/>
        <line num="235" count="2" type="stmt"/>
        <line num="236" count="2" type="cond" truecount="1" falsecount="0"/>
        <line num="237" count="2" type="stmt"/>
        <line num="242" count="13" type="cond" truecount="0" falsecount="1"/>
        <line num="244" count="0" type="stmt"/>
        <line num="249" count="0" type="stmt"/>
        <line num="252" count="0" type="cond" truecount="0" falsecount="1"/>
        <line num="254" count="0" type="stmt"/>
        <line num="256" count="0" type="stmt"/>
        <line num="257" count="0" type="stmt"/>
        <line num="258" count="0" type="cond" truecount="0" falsecount="3"/>
        <line num="260" count="0" type="stmt"/>
        <line num="263" count="0" type="stmt"/>
        <line num="269" count="0" type="cond" truecount="0" falsecount="1"/>
        <line num="270" count="0" type="stmt"/>
        <line num="274" count="0" type="cond" truecount="0" falsecount="1"/>
        <line num="275" count="0" type="stmt"/>
        <line num="282" count="13" type="stmt"/>
        <line num="292" count="48" type="stmt"/>
        <line num="294" count="48" type="cond" truecount="3" falsecount="0"/>
        <line num="295" count="48" type="stmt"/>
        <line num="296" count="48" type="cond" truecount="2" falsecount="0"/>
        <line num="297" count="45" type="cond" truecount="2" falsecount="0"/>
        <line num="298" count="41" type="stmt"/>
        <line num="300" count="4" type="stmt"/>
        <line num="306" count="3" type="stmt"/>
        <line num="311" count="48" type="stmt"/>
        <line num="320" count="145" type="cond" truecount="3" falsecount="0"/>
      </file>
    </package>
    <package name="lib.utils">
      <metrics statements="118" coveredstatements="100" conditionals="80" coveredconditionals="52" methods="26" coveredmethods="23"/>
      <file name="common.ts" path="/Users/romochka/Multiverse/esm-styles/src/lib/utils/common.ts">
        <metrics statements="8" coveredstatements="8" conditionals="5" coveredconditionals="4" methods="5" coveredmethods="5"/>
        <line num="11" count="18" type="stmt"/>
        <line num="25" count="10" type="stmt"/>
        <line num="35" count="6" type="stmt"/>
        <line num="37" count="13" type="stmt"/>
        <line num="48" count="47" type="cond" truecount="2" falsecount="0"/>
        <line num="49" count="47" type="stmt"/>
        <line num="52" count="47" type="stmt"/>
        <line num="54" count="47" type="stmt"/>
      </file>
      <file name="content.ts" path="/Users/romochka/Multiverse/esm-styles/src/lib/utils/content.ts">
        <metrics statements="11" coveredstatements="11" conditionals="6" coveredconditionals="5" methods="2" coveredmethods="2"/>
        <line num="15" count="11" type="cond" truecount="1" falsecount="0"/>
        <line num="17" count="10" type="stmt"/>
        <line num="20" count="10" type="cond" truecount="1" falsecount="0"/>
        <line num="21" count="2" type="stmt"/>
        <line num="25" count="8" type="stmt"/>
        <line num="27" count="25" type="stmt"/>
        <line num="28" count="25" type="cond" truecount="0" falsecount="1"/>
        <line num="32" count="25" type="cond" truecount="3" falsecount="0"/>
        <line num="33" count="3" type="stmt"/>
        <line num="36" count="22" type="stmt"/>
        <line num="41" count="8" type="stmt"/>
      </file>
      <file name="media.ts" path="/Users/romochka/Multiverse/esm-styles/src/lib/utils/media.ts">
        <metrics statements="21" coveredstatements="14" conditionals="17" coveredconditionals="5" methods="5" coveredmethods="3"/>
        <line num="20" count="2" type="cond" truecount="2" falsecount="1"/>
        <line num="21" count="0" type="stmt"/>
        <line num="24" count="2" type="stmt"/>
        <line num="27" count="2" type="stmt"/>
        <line num="29" count="3" type="stmt"/>
        <line num="30" count="3" type="stmt"/>
        <line num="32" count="3" type="cond" truecount="1" falsecount="1"/>
        <line num="38" count="0" type="stmt"/>
        <line num="39" count="3" type="cond" truecount="1" falsecount="0"/>
        <line num="41" count="3" type="stmt"/>
        <line num="45" count="3" type="stmt"/>
        <line num="48" count="3" type="cond" truecount="0" falsecount="1"/>
        <line num="49" count="0" type="stmt"/>
        <line num="52" count="3" type="stmt"/>
        <line num="54" count="3" type="cond" truecount="0" falsecount="1"/>
        <line num="55" count="0" type="stmt"/>
        <line num="59" count="3" type="stmt"/>
        <line num="63" count="3" type="stmt"/>
        <line num="72" count="0" type="cond" truecount="0" falsecount="2"/>
        <line num="85" count="0" type="stmt"/>
        <line num="86" count="0" type="cond" truecount="0" falsecount="3"/>
      </file>
      <file name="obj2css.ts" path="/Users/romochka/Multiverse/esm-styles/src/lib/utils/obj2css.ts">
        <metrics statements="15" coveredstatements="11" conditionals="6" coveredconditionals="2" methods="2" coveredmethods="2"/>
        <line num="12" count="16" type="stmt"/>
        <line num="15" count="16" type="stmt"/>
        <line num="56" count="16" type="stmt"/>
        <line num="57" count="16" type="stmt"/>
        <line num="59" count="16" type="stmt"/>
        <line num="60" count="16" type="stmt"/>
        <line num="62" count="16" type="cond" truecount="1" falsecount="1"/>
        <line num="63" count="0" type="stmt"/>
        <line num="66" count="16" type="cond" truecount="1" falsecount="1"/>
        <line num="67" count="16" type="stmt"/>
        <line num="70" count="0" type="cond" truecount="0" falsecount="2"/>
        <line num="71" count="0" type="stmt"/>
        <line num="75" count="0" type="stmt"/>
        <line num="79" count="16" type="stmt"/>
        <line num="88" count="13" type="stmt"/>
      </file>
      <file name="selectors.ts" path="/Users/romochka/Multiverse/esm-styles/src/lib/utils/selectors.ts">
        <metrics statements="32" coveredstatements="29" conditionals="14" coveredconditionals="10" methods="6" coveredmethods="6"/>
        <line num="13" count="57" type="cond" truecount="2" falsecount="0"/>
        <line num="14" count="57" type="stmt"/>
        <line num="16" count="57" type="stmt"/>
        <line num="18" count="105" type="cond" truecount="0" falsecount="1"/>
        <line num="20" count="105" type="stmt"/>
        <line num="22" count="105" type="cond" truecount="2" falsecount="0"/>
        <line num="24" count="80" type="stmt"/>
        <line num="26" count="25" type="stmt"/>
        <line num="27" count="25" type="stmt"/>
        <line num="30" count="25" type="cond" truecount="0" falsecount="1"/>
        <line num="31" count="0" type="stmt"/>
        <line num="35" count="25" type="cond" truecount="1" falsecount="0"/>
        <line num="36" count="2" type="stmt"/>
        <line num="37" count="2" type="stmt"/>
        <line num="41" count="25" type="cond" truecount="1" falsecount="0"/>
        <line num="42" count="5" type="stmt"/>
        <line num="43" count="5" type="cond" truecount="0" falsecount="1"/>
        <line num="45" count="0" type="stmt"/>
        <line num="50" count="25" type="cond" truecount="1" falsecount="0"/>
        <line num="51" count="17" type="cond" truecount="1" falsecount="0"/>
        <line num="55" count="25" type="cond" truecount="0" falsecount="1"/>
        <line num="56" count="0" type="stmt"/>
        <line num="59" count="25" type="stmt"/>
        <line num="64" count="57" type="stmt"/>
        <line num="67" count="57" type="stmt"/>
        <line num="79" count="57" type="stmt"/>
        <line num="89" count="4" type="cond" truecount="1" falsecount="0"/>
        <line num="90" count="3" type="cond" truecount="1" falsecount="0"/>
        <line num="93" count="2" type="stmt"/>
        <line num="94" count="15" type="stmt"/>
        <line num="98" count="2" type="stmt"/>
        <line num="100" count="10" type="stmt"/>
      </file>
      <file name="tags.ts" path="/Users/romochka/Multiverse/esm-styles/src/lib/utils/tags.ts">
        <metrics statements="4" coveredstatements="4" conditionals="1" coveredconditionals="1" methods="1" coveredmethods="1"/>
        <line num="4" count="2" type="stmt"/>
        <line num="125" count="110" type="cond" truecount="1" falsecount="0"/>
        <line num="126" count="1" type="stmt"/>
        <line num="128" count="109" type="stmt"/>
      </file>
      <file name="traversal.ts" path="/Users/romochka/Multiverse/esm-styles/src/lib/utils/traversal.ts">
        <metrics statements="27" coveredstatements="23" conditionals="31" coveredconditionals="25" methods="5" coveredmethods="4"/>
        <line num="35" count="85" type="cond" truecount="2" falsecount="0"/>
        <line num="38" count="85" type="cond" truecount="0" falsecount="1"/>
        <line num="39" count="0" type="stmt"/>
        <line num="40" count="0" type="stmt"/>
        <line num="42" count="0" type="stmt"/>
        <line num="46" count="85" type="cond" truecount="3" falsecount="0"/>
        <line num="47" count="50" type="stmt"/>
        <line num="49" count="72" type="cond" truecount="2" falsecount="0"/>
        <line num="50" count="72" type="stmt"/>
        <line num="59" count="72" type="stmt"/>
        <line num="60" count="72" type="stmt"/>
        <line num="65" count="50" type="stmt"/>
        <line num="69" count="35" type="stmt"/>
        <line num="79" count="72" type="cond" truecount="0" falsecount="1"/>
        <line num="81" count="72" type="cond" truecount="1" falsecount="1"/>
        <line num="84" count="72" type="cond" truecount="3" falsecount="0"/>
        <line num="85" count="1" type="stmt"/>
        <line num="89" count="71" type="cond" truecount="4" falsecount="0"/>
        <line num="90" count="2" type="stmt"/>
        <line num="94" count="69" type="cond" truecount="0" falsecount="1"/>
        <line num="99" count="0" type="stmt"/>
        <line num="103" count="69" type="cond" truecount="1" falsecount="0"/>
        <line num="104" count="3" type="stmt"/>
        <line num="108" count="66" type="cond" truecount="1" falsecount="0"/>
        <line num="109" count="34" type="stmt"/>
        <line num="112" count="32" type="stmt"/>
        <line num="121" count="66" type="stmt"/>
      </file>
    </package>
  </project>
</coverage>
