{"/Users/romochka/Multiverse/esm-styles/src/lib/getCss.ts": {"path":"/Users/romochka/Multiverse/esm-styles/src/lib/getCss.ts","statementMap":{"0":{"start":{"line":34,"column":28},"end":{"line":34,"column":30}},"1":{"start":{"line":35,"column":36},"end":{"line":35,"column":38}},"2":{"start":{"line":36,"column":31},"end":{"line":36,"column":33}},"3":{"start":{"line":37,"column":35},"end":{"line":37,"column":37}},"4":{"start":{"line":38,"column":31},"end":{"line":38,"column":33}},"5":{"start":{"line":39,"column":32},"end":{"line":39,"column":34}},"6":{"start":{"line":42,"column":2},"end":{"line":160,"column":null}},"7":{"start":{"line":43,"column":4},"end":{"line":43,"column":null}},"8":{"start":{"line":43,"column":15},"end":{"line":43,"column":null}},"9":{"start":{"line":45,"column":21},"end":{"line":45,"column":50}},"10":{"start":{"line":46,"column":22},"end":{"line":46,"column":38}},"11":{"start":{"line":47,"column":16},"end":{"line":47,"column":37}},"12":{"start":{"line":49,"column":4},"end":{"line":157,"column":5}},"13":{"start":{"line":52,"column":25},"end":{"line":52,"column":49}},"14":{"start":{"line":55,"column":8},"end":{"line":94,"column":9}},"15":{"start":{"line":55,"column":37},"end":{"line":55,"column":55}},"16":{"start":{"line":56,"column":29},"end":{"line":57,"column":null}},"17":{"start":{"line":57,"column":12},"end":{"line":57,"column":48}},"18":{"start":{"line":57,"column":39},"end":{"line":57,"column":47}},"19":{"start":{"line":59,"column":27},"end":{"line":59,"column":57}},"20":{"start":{"line":62,"column":10},"end":{"line":77,"column":null}},"21":{"start":{"line":63,"column":27},"end":{"line":63,"column":45}},"22":{"start":{"line":64,"column":24},"end":{"line":64,"column":28}},"23":{"start":{"line":67,"column":12},"end":{"line":69,"column":13}},"24":{"start":{"line":68,"column":14},"end":{"line":68,"column":null}},"25":{"start":{"line":72,"column":30},"end":{"line":74,"column":null}},"26":{"start":{"line":76,"column":12},"end":{"line":76,"column":null}},"27":{"start":{"line":80,"column":25},"end":{"line":80,"column":43}},"28":{"start":{"line":81,"column":22},"end":{"line":81,"column":26}},"29":{"start":{"line":84,"column":10},"end":{"line":86,"column":11}},"30":{"start":{"line":85,"column":12},"end":{"line":85,"column":null}},"31":{"start":{"line":89,"column":28},"end":{"line":91,"column":null}},"32":{"start":{"line":93,"column":10},"end":{"line":93,"column":null}},"33":{"start":{"line":95,"column":8},"end":{"line":95,"column":13}},"34":{"start":{"line":100,"column":26},"end":{"line":100,"column":60}},"35":{"start":{"line":101,"column":8},"end":{"line":103,"column":9}},"36":{"start":{"line":102,"column":10},"end":{"line":102,"column":null}},"37":{"start":{"line":104,"column":8},"end":{"line":104,"column":13}},"38":{"start":{"line":109,"column":25},"end":{"line":109,"column":49}},"39":{"start":{"line":110,"column":23},"end":{"line":110,"column":54}},"40":{"start":{"line":111,"column":8},"end":{"line":111,"column":null}},"41":{"start":{"line":112,"column":8},"end":{"line":112,"column":13}},"42":{"start":{"line":117,"column":25},"end":{"line":117,"column":49}},"43":{"start":{"line":118,"column":23},"end":{"line":118,"column":54}},"44":{"start":{"line":119,"column":8},"end":{"line":119,"column":null}},"45":{"start":{"line":120,"column":8},"end":{"line":120,"column":13}},"46":{"start":{"line":125,"column":25},"end":{"line":125,"column":49}},"47":{"start":{"line":126,"column":21},"end":{"line":126,"column":45}},"48":{"start":{"line":128,"column":8},"end":{"line":154,"column":9}},"49":{"start":{"line":130,"column":25},"end":{"line":130,"column":44}},"50":{"start":{"line":131,"column":24},"end":{"line":131,"column":69}},"51":{"start":{"line":132,"column":36},"end":{"line":132,"column":55}},"52":{"start":{"line":133,"column":10},"end":{"line":133,"column":null}},"53":{"start":{"line":136,"column":27},"end":{"line":136,"column":30}},"54":{"start":{"line":138,"column":10},"end":{"line":148,"column":11}},"55":{"start":{"line":140,"column":12},"end":{"line":140,"column":null}},"56":{"start":{"line":141,"column":17},"end":{"line":148,"column":11}},"57":{"start":{"line":143,"column":12},"end":{"line":143,"column":null}},"58":{"start":{"line":146,"column":12},"end":{"line":146,"column":null}},"59":{"start":{"line":147,"column":12},"end":{"line":147,"column":17}},"60":{"start":{"line":150,"column":35},"end":{"line":152,"column":null}},"61":{"start":{"line":153,"column":10},"end":{"line":153,"column":null}},"62":{"start":{"line":155,"column":8},"end":{"line":155,"column":13}},"63":{"start":{"line":159,"column":4},"end":{"line":159,"column":null}},"64":{"start":{"line":163,"column":18},"end":{"line":163,"column":35}},"65":{"start":{"line":166,"column":2},"end":{"line":168,"column":3}},"66":{"start":{"line":167,"column":4},"end":{"line":167,"column":null}},"67":{"start":{"line":171,"column":2},"end":{"line":194,"column":3}},"68":{"start":{"line":172,"column":19},"end":{"line":172,"column":43}},"69":{"start":{"line":174,"column":27},"end":{"line":189,"column":19}},"70":{"start":{"line":177,"column":28},"end":{"line":177,"column":46}},"71":{"start":{"line":178,"column":8},"end":{"line":178,"column":null}},"72":{"start":{"line":178,"column":36},"end":{"line":178,"column":null}},"73":{"start":{"line":180,"column":29},"end":{"line":184,"column":null}},"74":{"start":{"line":186,"column":8},"end":{"line":186,"column":null}},"75":{"start":{"line":191,"column":4},"end":{"line":193,"column":5}},"76":{"start":{"line":192,"column":6},"end":{"line":192,"column":null}},"77":{"start":{"line":197,"column":2},"end":{"line":222,"column":3}},"78":{"start":{"line":198,"column":29},"end":{"line":198,"column":57}},"79":{"start":{"line":200,"column":31},"end":{"line":217,"column":19}},"80":{"start":{"line":203,"column":32},"end":{"line":203,"column":63}},"81":{"start":{"line":204,"column":8},"end":{"line":204,"column":null}},"82":{"start":{"line":204,"column":40},"end":{"line":204,"column":null}},"83":{"start":{"line":206,"column":33},"end":{"line":210,"column":null}},"84":{"start":{"line":212,"column":8},"end":{"line":214,"column":null}},"85":{"start":{"line":219,"column":4},"end":{"line":221,"column":5}},"86":{"start":{"line":220,"column":6},"end":{"line":220,"column":null}},"87":{"start":{"line":225,"column":2},"end":{"line":230,"column":3}},"88":{"start":{"line":226,"column":27},"end":{"line":226,"column":73}},"89":{"start":{"line":227,"column":4},"end":{"line":229,"column":5}},"90":{"start":{"line":228,"column":6},"end":{"line":228,"column":null}},"91":{"start":{"line":233,"column":2},"end":{"line":270,"column":3}},"92":{"start":{"line":235,"column":35},"end":{"line":238,"column":null}},"93":{"start":{"line":240,"column":4},"end":{"line":240,"column":null}},"94":{"start":{"line":243,"column":4},"end":{"line":269,"column":5}},"95":{"start":{"line":245,"column":42},"end":{"line":245,"column":44}},"96":{"start":{"line":247,"column":6},"end":{"line":257,"column":7}},"97":{"start":{"line":248,"column":25},"end":{"line":248,"column":43}},"98":{"start":{"line":249,"column":8},"end":{"line":249,"column":58}},"99":{"start":{"line":249,"column":50},"end":{"line":249,"column":58}},"100":{"start":{"line":251,"column":43},"end":{"line":251,"column":52}},"101":{"start":{"line":254,"column":8},"end":{"line":256,"column":null}},"102":{"start":{"line":260,"column":6},"end":{"line":268,"column":7}},"103":{"start":{"line":261,"column":30},"end":{"line":263,"column":null}},"104":{"start":{"line":265,"column":8},"end":{"line":267,"column":9}},"105":{"start":{"line":266,"column":10},"end":{"line":266,"column":null}},"106":{"start":{"line":273,"column":2},"end":{"line":273,"column":null}},"107":{"start":{"line":283,"column":17},"end":{"line":283,"column":30}},"108":{"start":{"line":285,"column":2},"end":{"line":300,"column":3}},"109":{"start":{"line":286,"column":4},"end":{"line":299,"column":null}},"110":{"start":{"line":287,"column":6},"end":{"line":298,"column":7}},"111":{"start":{"line":288,"column":8},"end":{"line":295,"column":9}},"112":{"start":{"line":289,"column":10},"end":{"line":289,"column":null}},"113":{"start":{"line":291,"column":10},"end":{"line":294,"column":null}},"114":{"start":{"line":297,"column":8},"end":{"line":297,"column":null}},"115":{"start":{"line":302,"column":2},"end":{"line":302,"column":null}},"116":{"start":{"line":311,"column":2},"end":{"line":311,"column":null}}},"fnMap":{"0":{"name":"getCss","decl":{"start":{"line":27,"column":16},"end":{"line":27,"column":22}},"loc":{"start":{"line":31,"column":19},"end":{"line":274,"column":1}}},"1":{"name":"(anonymous_1)","decl":{"start":{"line":42,"column":25},"end":{"line":42,"column":26}},"loc":{"start":{"line":42,"column":47},"end":{"line":160,"column":3}}},"2":{"name":"(anonymous_2)","decl":{"start":{"line":55,"column":27},"end":{"line":55,"column":28}},"loc":{"start":{"line":55,"column":37},"end":{"line":55,"column":55}}},"3":{"name":"(anonymous_3)","decl":{"start":{"line":56,"column":43},"end":{"line":56,"column":44}},"loc":{"start":{"line":57,"column":12},"end":{"line":57,"column":48}}},"4":{"name":"(anonymous_4)","decl":{"start":{"line":57,"column":32},"end":{"line":57,"column":33}},"loc":{"start":{"line":57,"column":39},"end":{"line":57,"column":47}}},"5":{"name":"(anonymous_5)","decl":{"start":{"line":62,"column":27},"end":{"line":62,"column":28}},"loc":{"start":{"line":62,"column":44},"end":{"line":77,"column":11}}},"6":{"name":"(anonymous_6)","decl":{"start":{"line":175,"column":11},"end":{"line":175,"column":12}},"loc":{"start":{"line":175,"column":21},"end":{"line":187,"column":7}}},"7":{"name":"(anonymous_7)","decl":{"start":{"line":201,"column":11},"end":{"line":201,"column":12}},"loc":{"start":{"line":201,"column":30},"end":{"line":215,"column":7}}},"8":{"name":"mergeDeep","decl":{"start":{"line":282,"column":9},"end":{"line":282,"column":18}},"loc":{"start":{"line":282,"column":55},"end":{"line":303,"column":1}}},"9":{"name":"(anonymous_9)","decl":{"start":{"line":286,"column":32},"end":{"line":286,"column":33}},"loc":{"start":{"line":286,"column":40},"end":{"line":299,"column":5}}},"10":{"name":"isObject","decl":{"start":{"line":310,"column":9},"end":{"line":310,"column":17}},"loc":{"start":{"line":310,"column":27},"end":{"line":312,"column":1}}}},"branchMap":{"0":{"loc":{"start":{"line":29,"column":2},"end":{"line":29,"column":33}},"type":"default-arg","locations":[{"start":{"line":29,"column":31},"end":{"line":29,"column":33}}]},"1":{"loc":{"start":{"line":30,"column":2},"end":{"line":30,"column":35}},"type":"default-arg","locations":[{"start":{"line":30,"column":33},"end":{"line":30,"column":35}}]},"2":{"loc":{"start":{"line":43,"column":4},"end":{"line":43,"column":null}},"type":"if","locations":[{"start":{"line":43,"column":4},"end":{"line":43,"column":null}}]},"3":{"loc":{"start":{"line":47,"column":16},"end":{"line":47,"column":37}},"type":"binary-expr","locations":[{"start":{"line":47,"column":16},"end":{"line":47,"column":31}},{"start":{"line":47,"column":35},"end":{"line":47,"column":37}}]},"4":{"loc":{"start":{"line":49,"column":4},"end":{"line":157,"column":5}},"type":"switch","locations":[{"start":{"line":50,"column":6},"end":{"line":96,"column":7}},{"start":{"line":98,"column":6},"end":{"line":105,"column":7}},{"start":{"line":107,"column":6},"end":{"line":113,"column":7}},{"start":{"line":115,"column":6},"end":{"line":121,"column":7}},{"start":{"line":123,"column":6},"end":{"line":156,"column":7}}]},"5":{"loc":{"start":{"line":55,"column":8},"end":{"line":94,"column":9}},"type":"if","locations":[{"start":{"line":55,"column":8},"end":{"line":94,"column":9}},{"start":{"line":78,"column":15},"end":{"line":94,"column":9}}]},"6":{"loc":{"start":{"line":67,"column":12},"end":{"line":69,"column":13}},"type":"if","locations":[{"start":{"line":67,"column":12},"end":{"line":69,"column":13}}]},"7":{"loc":{"start":{"line":84,"column":10},"end":{"line":86,"column":11}},"type":"if","locations":[{"start":{"line":84,"column":10},"end":{"line":86,"column":11}}]},"8":{"loc":{"start":{"line":100,"column":35},"end":{"line":100,"column":57}},"type":"cond-expr","locations":[{"start":{"line":100,"column":42},"end":{"line":100,"column":52}},{"start":{"line":100,"column":55},"end":{"line":100,"column":57}}]},"9":{"loc":{"start":{"line":101,"column":8},"end":{"line":103,"column":9}},"type":"if","locations":[{"start":{"line":101,"column":8},"end":{"line":103,"column":9}}]},"10":{"loc":{"start":{"line":128,"column":8},"end":{"line":154,"column":9}},"type":"if","locations":[{"start":{"line":128,"column":8},"end":{"line":154,"column":9}},{"start":{"line":134,"column":15},"end":{"line":154,"column":9}}]},"11":{"loc":{"start":{"line":131,"column":24},"end":{"line":131,"column":69}},"type":"cond-expr","locations":[{"start":{"line":131,"column":35},"end":{"line":131,"column":62}},{"start":{"line":131,"column":65},"end":{"line":131,"column":69}}]},"12":{"loc":{"start":{"line":138,"column":10},"end":{"line":148,"column":11}},"type":"if","locations":[{"start":{"line":138,"column":10},"end":{"line":148,"column":11}},{"start":{"line":141,"column":17},"end":{"line":148,"column":11}}]},"13":{"loc":{"start":{"line":141,"column":17},"end":{"line":148,"column":11}},"type":"if","locations":[{"start":{"line":141,"column":17},"end":{"line":148,"column":11}},{"start":{"line":144,"column":17},"end":{"line":148,"column":11}}]},"14":{"loc":{"start":{"line":166,"column":2},"end":{"line":168,"column":3}},"type":"if","locations":[{"start":{"line":166,"column":2},"end":{"line":168,"column":3}}]},"15":{"loc":{"start":{"line":171,"column":2},"end":{"line":194,"column":3}},"type":"if","locations":[{"start":{"line":171,"column":2},"end":{"line":194,"column":3}}]},"16":{"loc":{"start":{"line":178,"column":8},"end":{"line":178,"column":null}},"type":"if","locations":[{"start":{"line":178,"column":8},"end":{"line":178,"column":null}}]},"17":{"loc":{"start":{"line":186,"column":15},"end":{"line":186,"column":75}},"type":"cond-expr","locations":[{"start":{"line":186,"column":30},"end":{"line":186,"column":70}},{"start":{"line":186,"column":73},"end":{"line":186,"column":75}}]},"18":{"loc":{"start":{"line":191,"column":4},"end":{"line":193,"column":5}},"type":"if","locations":[{"start":{"line":191,"column":4},"end":{"line":193,"column":5}}]},"19":{"loc":{"start":{"line":197,"column":2},"end":{"line":222,"column":3}},"type":"if","locations":[{"start":{"line":197,"column":2},"end":{"line":222,"column":3}}]},"20":{"loc":{"start":{"line":204,"column":8},"end":{"line":204,"column":null}},"type":"if","locations":[{"start":{"line":204,"column":8},"end":{"line":204,"column":null}}]},"21":{"loc":{"start":{"line":212,"column":15},"end":{"line":214,"column":14}},"type":"cond-expr","locations":[{"start":{"line":213,"column":12},"end":{"line":213,"column":65}},{"start":{"line":214,"column":12},"end":{"line":214,"column":14}}]},"22":{"loc":{"start":{"line":219,"column":4},"end":{"line":221,"column":5}},"type":"if","locations":[{"start":{"line":219,"column":4},"end":{"line":221,"column":5}}]},"23":{"loc":{"start":{"line":225,"column":2},"end":{"line":230,"column":3}},"type":"if","locations":[{"start":{"line":225,"column":2},"end":{"line":230,"column":3}}]},"24":{"loc":{"start":{"line":227,"column":4},"end":{"line":229,"column":5}},"type":"if","locations":[{"start":{"line":227,"column":4},"end":{"line":229,"column":5}}]},"25":{"loc":{"start":{"line":233,"column":2},"end":{"line":270,"column":3}},"type":"if","locations":[{"start":{"line":233,"column":2},"end":{"line":270,"column":3}}]},"26":{"loc":{"start":{"line":243,"column":4},"end":{"line":269,"column":5}},"type":"if","locations":[{"start":{"line":243,"column":4},"end":{"line":269,"column":5}}]},"27":{"loc":{"start":{"line":249,"column":8},"end":{"line":249,"column":58}},"type":"if","locations":[{"start":{"line":249,"column":8},"end":{"line":249,"column":58}}]},"28":{"loc":{"start":{"line":249,"column":12},"end":{"line":249,"column":48}},"type":"binary-expr","locations":[{"start":{"line":249,"column":12},"end":{"line":249,"column":21}},{"start":{"line":249,"column":25},"end":{"line":249,"column":48}}]},"29":{"loc":{"start":{"line":260,"column":6},"end":{"line":268,"column":7}},"type":"if","locations":[{"start":{"line":260,"column":6},"end":{"line":268,"column":7}}]},"30":{"loc":{"start":{"line":265,"column":8},"end":{"line":267,"column":9}},"type":"if","locations":[{"start":{"line":265,"column":8},"end":{"line":267,"column":9}}]},"31":{"loc":{"start":{"line":285,"column":2},"end":{"line":300,"column":3}},"type":"if","locations":[{"start":{"line":285,"column":2},"end":{"line":300,"column":3}}]},"32":{"loc":{"start":{"line":285,"column":6},"end":{"line":285,"column":42}},"type":"binary-expr","locations":[{"start":{"line":285,"column":6},"end":{"line":285,"column":22}},{"start":{"line":285,"column":26},"end":{"line":285,"column":42}}]},"33":{"loc":{"start":{"line":287,"column":6},"end":{"line":298,"column":7}},"type":"if","locations":[{"start":{"line":287,"column":6},"end":{"line":298,"column":7}},{"start":{"line":296,"column":13},"end":{"line":298,"column":7}}]},"34":{"loc":{"start":{"line":288,"column":8},"end":{"line":295,"column":9}},"type":"if","locations":[{"start":{"line":288,"column":8},"end":{"line":295,"column":9}},{"start":{"line":290,"column":15},"end":{"line":295,"column":9}}]},"35":{"loc":{"start":{"line":311,"column":9},"end":{"line":311,"column":65}},"type":"binary-expr","locations":[{"start":{"line":311,"column":9},"end":{"line":311,"column":13}},{"start":{"line":311,"column":17},"end":{"line":311,"column":41}},{"start":{"line":311,"column":45},"end":{"line":311,"column":65}}]}},"s":{"0":13,"1":13,"2":13,"3":13,"4":13,"5":13,"6":13,"7":85,"8":13,"9":72,"10":72,"11":72,"12":72,"13":34,"14":34,"15":56,"16":1,"17":3,"18":6,"19":1,"20":1,"21":6,"22":6,"23":6,"24":0,"25":6,"26":6,"27":33,"28":33,"29":33,"30":2,"31":33,"32":33,"33":34,"34":1,"35":1,"36":1,"37":1,"38":2,"39":2,"40":2,"41":2,"42":0,"43":0,"44":0,"45":0,"46":3,"47":3,"48":3,"49":0,"50":0,"51":0,"52":0,"53":3,"54":3,"55":1,"56":2,"57":2,"58":0,"59":0,"60":3,"61":3,"62":3,"63":72,"64":13,"65":13,"66":1,"67":13,"68":1,"69":1,"70":1,"71":1,"72":0,"73":1,"74":1,"75":1,"76":1,"77":13,"78":0,"79":0,"80":0,"81":0,"82":0,"83":0,"84":0,"85":0,"86":0,"87":13,"88":2,"89":2,"90":2,"91":13,"92":0,"93":0,"94":0,"95":0,"96":0,"97":0,"98":0,"99":0,"100":0,"101":0,"102":0,"103":0,"104":0,"105":0,"106":13,"107":48,"108":48,"109":48,"110":48,"111":45,"112":41,"113":4,"114":3,"115":48,"116":145},"f":{"0":13,"1":85,"2":56,"3":3,"4":6,"5":6,"6":1,"7":0,"8":48,"9":48,"10":145},"b":{"0":[11],"1":[12],"2":[13],"3":[72,0],"4":[34,1,2,0,3],"5":[1,33],"6":[0],"7":[2],"8":[0,1],"9":[1],"10":[0,3],"11":[0,0],"12":[1,2],"13":[2,0],"14":[1],"15":[1],"16":[0],"17":[1,0],"18":[1],"19":[0],"20":[0],"21":[0,0],"22":[0],"23":[2],"24":[2],"25":[0],"26":[0],"27":[0],"28":[0,0],"29":[0],"30":[0],"31":[48],"32":[48,48],"33":[45,3],"34":[41,4],"35":[145,145,142]}}
,"/Users/romochka/Multiverse/esm-styles/src/lib/utils/common.ts": {"path":"/Users/romochka/Multiverse/esm-styles/src/lib/utils/common.ts","statementMap":{"0":{"start":{"line":11,"column":2},"end":{"line":16,"column":null}},"1":{"start":{"line":25,"column":2},"end":{"line":25,"column":null}},"2":{"start":{"line":35,"column":2},"end":{"line":38,"column":null}},"3":{"start":{"line":37,"column":16},"end":{"line":37,"column":38}},"4":{"start":{"line":48,"column":17},"end":{"line":48,"column":46}},"5":{"start":{"line":49,"column":18},"end":{"line":49,"column":42}},"6":{"start":{"line":52,"column":19},"end":{"line":52,"column":67}},"7":{"start":{"line":54,"column":2},"end":{"line":54,"column":null}}},"fnMap":{"0":{"name":"getObjectType","decl":{"start":{"line":10,"column":16},"end":{"line":10,"column":29}},"loc":{"start":{"line":10,"column":38},"end":{"line":17,"column":1}}},"1":{"name":"isEndValue","decl":{"start":{"line":24,"column":16},"end":{"line":24,"column":26}},"loc":{"start":{"line":24,"column":37},"end":{"line":26,"column":1}}},"2":{"name":"indent","decl":{"start":{"line":34,"column":16},"end":{"line":34,"column":22}},"loc":{"start":{"line":34,"column":54},"end":{"line":39,"column":1}}},"3":{"name":"(anonymous_3)","decl":{"start":{"line":37,"column":9},"end":{"line":37,"column":10}},"loc":{"start":{"line":37,"column":16},"end":{"line":37,"column":38}}},"4":{"name":"jsKeyToCssKey","decl":{"start":{"line":46,"column":16},"end":{"line":46,"column":29}},"loc":{"start":{"line":46,"column":41},"end":{"line":55,"column":1}}}},"branchMap":{"0":{"loc":{"start":{"line":12,"column":4},"end":{"line":15,"column":33}},"type":"binary-expr","locations":[{"start":{"line":12,"column":4},"end":{"line":15,"column":20}},{"start":{"line":15,"column":24},"end":{"line":15,"column":33}}]},"1":{"loc":{"start":{"line":34,"column":36},"end":{"line":34,"column":54}},"type":"default-arg","locations":[{"start":{"line":34,"column":53},"end":{"line":34,"column":54}}]},"2":{"loc":{"start":{"line":48,"column":17},"end":{"line":48,"column":46}},"type":"binary-expr","locations":[{"start":{"line":48,"column":17},"end":{"line":48,"column":40}},{"start":{"line":48,"column":44},"end":{"line":48,"column":46}}]}},"s":{"0":18,"1":10,"2":6,"3":13,"4":47,"5":47,"6":47,"7":47},"f":{"0":18,"1":10,"2":6,"3":13,"4":47},"b":{"0":[18,0],"1":[5],"2":[47,43]}}
,"/Users/romochka/Multiverse/esm-styles/src/lib/utils/content.ts": {"path":"/Users/romochka/Multiverse/esm-styles/src/lib/utils/content.ts","statementMap":{"0":{"start":{"line":15,"column":2},"end":{"line":15,"column":null}},"1":{"start":{"line":15,"column":22},"end":{"line":15,"column":null}},"2":{"start":{"line":17,"column":22},"end":{"line":17,"column":35}},"3":{"start":{"line":20,"column":2},"end":{"line":22,"column":3}},"4":{"start":{"line":21,"column":4},"end":{"line":21,"column":null}},"5":{"start":{"line":25,"column":25},"end":{"line":38,"column":13}},"6":{"start":{"line":27,"column":24},"end":{"line":27,"column":43}},"7":{"start":{"line":28,"column":6},"end":{"line":28,"column":null}},"8":{"start":{"line":28,"column":22},"end":{"line":28,"column":null}},"9":{"start":{"line":32,"column":6},"end":{"line":34,"column":7}},"10":{"start":{"line":33,"column":8},"end":{"line":33,"column":null}},"11":{"start":{"line":36,"column":6},"end":{"line":36,"column":null}},"12":{"start":{"line":41,"column":2},"end":{"line":41,"column":null}}},"fnMap":{"0":{"name":"formatContentValue","decl":{"start":{"line":12,"column":16},"end":{"line":12,"column":34}},"loc":{"start":{"line":13,"column":41},"end":{"line":42,"column":1}}},"1":{"name":"(anonymous_1)","decl":{"start":{"line":26,"column":9},"end":{"line":26,"column":10}},"loc":{"start":{"line":26,"column":18},"end":{"line":37,"column":5}}}},"branchMap":{"0":{"loc":{"start":{"line":15,"column":2},"end":{"line":15,"column":null}},"type":"if","locations":[{"start":{"line":15,"column":2},"end":{"line":15,"column":null}}]},"1":{"loc":{"start":{"line":20,"column":2},"end":{"line":22,"column":3}},"type":"if","locations":[{"start":{"line":20,"column":2},"end":{"line":22,"column":3}}]},"2":{"loc":{"start":{"line":28,"column":6},"end":{"line":28,"column":null}},"type":"if","locations":[{"start":{"line":28,"column":6},"end":{"line":28,"column":null}}]},"3":{"loc":{"start":{"line":32,"column":6},"end":{"line":34,"column":7}},"type":"if","locations":[{"start":{"line":32,"column":6},"end":{"line":34,"column":7}}]},"4":{"loc":{"start":{"line":32,"column":10},"end":{"line":32,"column":43}},"type":"binary-expr","locations":[{"start":{"line":32,"column":10},"end":{"line":32,"column":25}},{"start":{"line":32,"column":29},"end":{"line":32,"column":43}}]}},"s":{"0":11,"1":1,"2":10,"3":10,"4":2,"5":8,"6":25,"7":25,"8":0,"9":25,"10":3,"11":22,"12":8},"f":{"0":11,"1":25},"b":{"0":[1],"1":[2],"2":[0],"3":[3],"4":[25,22]}}
,"/Users/romochka/Multiverse/esm-styles/src/lib/utils/media.ts": {"path":"/Users/romochka/Multiverse/esm-styles/src/lib/utils/media.ts","statementMap":{"0":{"start":{"line":20,"column":2},"end":{"line":22,"column":3}},"1":{"start":{"line":21,"column":4},"end":{"line":21,"column":null}},"2":{"start":{"line":24,"column":32},"end":{"line":24,"column":56}},"3":{"start":{"line":27,"column":26},"end":{"line":60,"column":4}},"4":{"start":{"line":29,"column":28},"end":{"line":29,"column":54}},"5":{"start":{"line":30,"column":22},"end":{"line":30,"column":30}},"6":{"start":{"line":32,"column":4},"end":{"line":42,"column":5}},"7":{"start":{"line":38,"column":6},"end":{"line":38,"column":null}},"8":{"start":{"line":39,"column":11},"end":{"line":42,"column":5}},"9":{"start":{"line":41,"column":6},"end":{"line":41,"column":null}},"10":{"start":{"line":45,"column":19},"end":{"line":45,"column":40}},"11":{"start":{"line":48,"column":4},"end":{"line":50,"column":5}},"12":{"start":{"line":49,"column":6},"end":{"line":49,"column":null}},"13":{"start":{"line":52,"column":22},"end":{"line":52,"column":60}},"14":{"start":{"line":54,"column":4},"end":{"line":56,"column":5}},"15":{"start":{"line":55,"column":6},"end":{"line":55,"column":null}},"16":{"start":{"line":59,"column":4},"end":{"line":59,"column":null}},"17":{"start":{"line":63,"column":2},"end":{"line":63,"column":null}},"18":{"start":{"line":63,"column":41},"end":{"line":63,"column":44}},"19":{"start":{"line":72,"column":2},"end":{"line":72,"column":null}},"20":{"start":{"line":85,"column":16},"end":{"line":85,"column":37}},"21":{"start":{"line":86,"column":2},"end":{"line":86,"column":null}}},"fnMap":{"0":{"name":"processMediaQueries","decl":{"start":{"line":16,"column":16},"end":{"line":16,"column":35}},"loc":{"start":{"line":18,"column":33},"end":{"line":64,"column":1}}},"1":{"name":"(anonymous_1)","decl":{"start":{"line":27,"column":52},"end":{"line":27,"column":53}},"loc":{"start":{"line":27,"column":65},"end":{"line":60,"column":3}}},"2":{"name":"(anonymous_2)","decl":{"start":{"line":63,"column":32},"end":{"line":63,"column":33}},"loc":{"start":{"line":63,"column":41},"end":{"line":63,"column":44}}},"3":{"name":"isMediaQuery","decl":{"start":{"line":71,"column":16},"end":{"line":71,"column":28}},"loc":{"start":{"line":71,"column":40},"end":{"line":73,"column":1}}},"4":{"name":"isNamedMediaQuery","decl":{"start":{"line":81,"column":16},"end":{"line":81,"column":33}},"loc":{"start":{"line":83,"column":28},"end":{"line":87,"column":1}}}},"branchMap":{"0":{"loc":{"start":{"line":18,"column":2},"end":{"line":18,"column":33}},"type":"default-arg","locations":[{"start":{"line":18,"column":31},"end":{"line":18,"column":33}}]},"1":{"loc":{"start":{"line":20,"column":2},"end":{"line":22,"column":3}},"type":"if","locations":[{"start":{"line":20,"column":2},"end":{"line":22,"column":3}}]},"2":{"loc":{"start":{"line":20,"column":6},"end":{"line":20,"column":59}},"type":"binary-expr","locations":[{"start":{"line":20,"column":6},"end":{"line":20,"column":18}},{"start":{"line":20,"column":22},"end":{"line":20,"column":59}}]},"3":{"loc":{"start":{"line":32,"column":4},"end":{"line":42,"column":5}},"type":"if","locations":[{"start":{"line":32,"column":4},"end":{"line":42,"column":5}},{"start":{"line":39,"column":11},"end":{"line":42,"column":5}}]},"4":{"loc":{"start":{"line":33,"column":6},"end":{"line":35,"column":38}},"type":"binary-expr","locations":[{"start":{"line":33,"column":6},"end":{"line":33,"column":21}},{"start":{"line":34,"column":6},"end":{"line":34,"column":24}},{"start":{"line":35,"column":6},"end":{"line":35,"column":38}}]},"5":{"loc":{"start":{"line":39,"column":11},"end":{"line":42,"column":5}},"type":"if","locations":[{"start":{"line":39,"column":11},"end":{"line":42,"column":5}}]},"6":{"loc":{"start":{"line":48,"column":4},"end":{"line":50,"column":5}},"type":"if","locations":[{"start":{"line":48,"column":4},"end":{"line":50,"column":5}}]},"7":{"loc":{"start":{"line":54,"column":4},"end":{"line":56,"column":5}},"type":"if","locations":[{"start":{"line":54,"column":4},"end":{"line":56,"column":5}}]},"8":{"loc":{"start":{"line":72,"column":9},"end":{"line":72,"column":56}},"type":"binary-expr","locations":[{"start":{"line":72,"column":9},"end":{"line":72,"column":33}},{"start":{"line":72,"column":37},"end":{"line":72,"column":56}}]},"9":{"loc":{"start":{"line":86,"column":17},"end":{"line":86,"column":60}},"type":"binary-expr","locations":[{"start":{"line":86,"column":17},"end":{"line":86,"column":22}},{"start":{"line":86,"column":26},"end":{"line":86,"column":34}},{"start":{"line":86,"column":38},"end":{"line":86,"column":60}}]}},"s":{"0":2,"1":0,"2":2,"3":2,"4":3,"5":3,"6":3,"7":0,"8":3,"9":3,"10":3,"11":3,"12":0,"13":3,"14":3,"15":0,"16":3,"17":2,"18":3,"19":0,"20":0,"21":0},"f":{"0":2,"1":3,"2":3,"3":0,"4":0},"b":{"0":[0],"1":[0],"2":[2,2],"3":[0,3],"4":[3,0,0],"5":[3],"6":[0],"7":[0],"8":[0,0],"9":[0,0,0]}}
,"/Users/romochka/Multiverse/esm-styles/src/lib/utils/obj2css.ts": {"path":"/Users/romochka/Multiverse/esm-styles/src/lib/utils/obj2css.ts","statementMap":{"0":{"start":{"line":12,"column":15},"end":{"line":12,"column":49}},"1":{"start":{"line":15,"column":14},"end":{"line":53,"column":30}},"2":{"start":{"line":56,"column":16},"end":{"line":56,"column":31}},"3":{"start":{"line":57,"column":17},"end":{"line":57,"column":19}},"4":{"start":{"line":59,"column":2},"end":{"line":77,"column":3}},"5":{"start":{"line":59,"column":15},"end":{"line":59,"column":16}},"6":{"start":{"line":60,"column":17},"end":{"line":60,"column":25}},"7":{"start":{"line":62,"column":4},"end":{"line":76,"column":5}},"8":{"start":{"line":63,"column":6},"end":{"line":63,"column":null}},"9":{"start":{"line":66,"column":9},"end":{"line":76,"column":5}},"10":{"start":{"line":67,"column":6},"end":{"line":67,"column":null}},"11":{"start":{"line":70,"column":9},"end":{"line":76,"column":5}},"12":{"start":{"line":71,"column":6},"end":{"line":71,"column":null}},"13":{"start":{"line":75,"column":6},"end":{"line":75,"column":null}},"14":{"start":{"line":79,"column":2},"end":{"line":79,"column":null}},"15":{"start":{"line":88,"column":2},"end":{"line":101,"column":null}}},"fnMap":{"0":{"name":"obj2css","decl":{"start":{"line":10,"column":16},"end":{"line":10,"column":23}},"loc":{"start":{"line":10,"column":54},"end":{"line":80,"column":1}}},"1":{"name":"prettifyCss","decl":{"start":{"line":87,"column":16},"end":{"line":87,"column":27}},"loc":{"start":{"line":87,"column":45},"end":{"line":102,"column":1}}}},"branchMap":{"0":{"loc":{"start":{"line":62,"column":4},"end":{"line":76,"column":5}},"type":"if","locations":[{"start":{"line":62,"column":4},"end":{"line":76,"column":5}},{"start":{"line":66,"column":9},"end":{"line":76,"column":5}}]},"1":{"loc":{"start":{"line":66,"column":9},"end":{"line":76,"column":5}},"type":"if","locations":[{"start":{"line":66,"column":9},"end":{"line":76,"column":5}},{"start":{"line":70,"column":9},"end":{"line":76,"column":5}}]},"2":{"loc":{"start":{"line":70,"column":9},"end":{"line":76,"column":5}},"type":"if","locations":[{"start":{"line":70,"column":9},"end":{"line":76,"column":5}},{"start":{"line":74,"column":9},"end":{"line":76,"column":5}}]}},"s":{"0":16,"1":16,"2":16,"3":16,"4":16,"5":16,"6":16,"7":16,"8":0,"9":16,"10":16,"11":0,"12":0,"13":0,"14":16,"15":13},"f":{"0":16,"1":13},"b":{"0":[0,16],"1":[16,0],"2":[0,0]}}
,"/Users/romochka/Multiverse/esm-styles/src/lib/utils/selectors.ts": {"path":"/Users/romochka/Multiverse/esm-styles/src/lib/utils/selectors.ts","statementMap":{"0":{"start":{"line":13,"column":16},"end":{"line":13,"column":56}},"1":{"start":{"line":14,"column":15},"end":{"line":14,"column":17}},"2":{"start":{"line":16,"column":2},"end":{"line":61,"column":3}},"3":{"start":{"line":18,"column":4},"end":{"line":18,"column":32}},"4":{"start":{"line":18,"column":24},"end":{"line":18,"column":32}},"5":{"start":{"line":20,"column":16},"end":{"line":20,"column":47}},"6":{"start":{"line":22,"column":4},"end":{"line":60,"column":5}},"7":{"start":{"line":24,"column":6},"end":{"line":24,"column":null}},"8":{"start":{"line":26,"column":19},"end":{"line":26,"column":21}},"9":{"start":{"line":27,"column":21},"end":{"line":27,"column":24}},"10":{"start":{"line":30,"column":6},"end":{"line":32,"column":7}},"11":{"start":{"line":31,"column":8},"end":{"line":31,"column":null}},"12":{"start":{"line":35,"column":6},"end":{"line":38,"column":7}},"13":{"start":{"line":36,"column":8},"end":{"line":36,"column":null}},"14":{"start":{"line":37,"column":8},"end":{"line":37,"column":null}},"15":{"start":{"line":41,"column":6},"end":{"line":47,"column":7}},"16":{"start":{"line":42,"column":8},"end":{"line":42,"column":null}},"17":{"start":{"line":43,"column":8},"end":{"line":46,"column":9}},"18":{"start":{"line":45,"column":10},"end":{"line":45,"column":null}},"19":{"start":{"line":50,"column":6},"end":{"line":52,"column":7}},"20":{"start":{"line":51,"column":8},"end":{"line":51,"column":null}},"21":{"start":{"line":51,"column":32},"end":{"line":51,"column":null}},"22":{"start":{"line":55,"column":6},"end":{"line":57,"column":7}},"23":{"start":{"line":56,"column":8},"end":{"line":56,"column":null}},"24":{"start":{"line":59,"column":6},"end":{"line":59,"column":null}},"25":{"start":{"line":64,"column":2},"end":{"line":64,"column":null}},"26":{"start":{"line":67,"column":2},"end":{"line":77,"column":null}},"27":{"start":{"line":79,"column":2},"end":{"line":79,"column":null}},"28":{"start":{"line":89,"column":2},"end":{"line":89,"column":null}},"29":{"start":{"line":89,"column":26},"end":{"line":89,"column":null}},"30":{"start":{"line":90,"column":2},"end":{"line":90,"column":null}},"31":{"start":{"line":90,"column":26},"end":{"line":90,"column":null}},"32":{"start":{"line":93,"column":17},"end":{"line":95,"column":null}},"33":{"start":{"line":94,"column":19},"end":{"line":94,"column":65}},"34":{"start":{"line":94,"column":38},"end":{"line":94,"column":64}},"35":{"start":{"line":94,"column":54},"end":{"line":94,"column":63}},"36":{"start":{"line":98,"column":2},"end":{"line":101,"column":null}},"37":{"start":{"line":100,"column":4},"end":{"line":100,"column":null}}},"fnMap":{"0":{"name":"joinSelectors","decl":{"start":{"line":12,"column":16},"end":{"line":12,"column":29}},"loc":{"start":{"line":12,"column":53},"end":{"line":80,"column":1}}},"1":{"name":"cartesianSelectors","decl":{"start":{"line":87,"column":16},"end":{"line":87,"column":34}},"loc":{"start":{"line":87,"column":52},"end":{"line":102,"column":1}}},"2":{"name":"(anonymous_2)","decl":{"start":{"line":94,"column":4},"end":{"line":94,"column":5}},"loc":{"start":{"line":94,"column":19},"end":{"line":94,"column":65}}},"3":{"name":"(anonymous_3)","decl":{"start":{"line":94,"column":31},"end":{"line":94,"column":32}},"loc":{"start":{"line":94,"column":38},"end":{"line":94,"column":64}}},"4":{"name":"(anonymous_4)","decl":{"start":{"line":94,"column":47},"end":{"line":94,"column":48}},"loc":{"start":{"line":94,"column":54},"end":{"line":94,"column":63}}},"5":{"name":"(anonymous_5)","decl":{"start":{"line":98,"column":20},"end":{"line":98,"column":21}},"loc":{"start":{"line":98,"column":34},"end":{"line":101,"column":3}}}},"branchMap":{"0":{"loc":{"start":{"line":13,"column":16},"end":{"line":13,"column":56}},"type":"cond-expr","locations":[{"start":{"line":13,"column":43},"end":{"line":13,"column":49}},{"start":{"line":13,"column":52},"end":{"line":13,"column":56}}]},"1":{"loc":{"start":{"line":18,"column":4},"end":{"line":18,"column":32}},"type":"if","locations":[{"start":{"line":18,"column":4},"end":{"line":18,"column":32}}]},"2":{"loc":{"start":{"line":22,"column":4},"end":{"line":60,"column":5}},"type":"if","locations":[{"start":{"line":22,"column":4},"end":{"line":60,"column":5}},{"start":{"line":25,"column":11},"end":{"line":60,"column":5}}]},"3":{"loc":{"start":{"line":30,"column":6},"end":{"line":32,"column":7}},"type":"if","locations":[{"start":{"line":30,"column":6},"end":{"line":32,"column":7}}]},"4":{"loc":{"start":{"line":35,"column":6},"end":{"line":38,"column":7}},"type":"if","locations":[{"start":{"line":35,"column":6},"end":{"line":38,"column":7}}]},"5":{"loc":{"start":{"line":41,"column":6},"end":{"line":47,"column":7}},"type":"if","locations":[{"start":{"line":41,"column":6},"end":{"line":47,"column":7}}]},"6":{"loc":{"start":{"line":43,"column":8},"end":{"line":46,"column":9}},"type":"if","locations":[{"start":{"line":43,"column":8},"end":{"line":46,"column":9}}]},"7":{"loc":{"start":{"line":50,"column":6},"end":{"line":52,"column":7}},"type":"if","locations":[{"start":{"line":50,"column":6},"end":{"line":52,"column":7}}]},"8":{"loc":{"start":{"line":51,"column":8},"end":{"line":51,"column":null}},"type":"if","locations":[{"start":{"line":51,"column":8},"end":{"line":51,"column":null}}]},"9":{"loc":{"start":{"line":55,"column":6},"end":{"line":57,"column":7}},"type":"if","locations":[{"start":{"line":55,"column":6},"end":{"line":57,"column":7}}]},"10":{"loc":{"start":{"line":89,"column":2},"end":{"line":89,"column":null}},"type":"if","locations":[{"start":{"line":89,"column":2},"end":{"line":89,"column":null}}]},"11":{"loc":{"start":{"line":90,"column":2},"end":{"line":90,"column":null}},"type":"if","locations":[{"start":{"line":90,"column":2},"end":{"line":90,"column":null}}]}},"s":{"0":57,"1":57,"2":57,"3":105,"4":0,"5":105,"6":105,"7":80,"8":25,"9":25,"10":25,"11":0,"12":25,"13":2,"14":2,"15":25,"16":5,"17":5,"18":0,"19":25,"20":17,"21":17,"22":25,"23":0,"24":25,"25":57,"26":57,"27":57,"28":4,"29":1,"30":3,"31":1,"32":2,"33":5,"34":7,"35":15,"36":2,"37":10},"f":{"0":57,"1":4,"2":5,"3":7,"4":15,"5":10},"b":{"0":[1,56],"1":[0],"2":[80,25],"3":[0],"4":[2],"5":[5],"6":[0],"7":[17],"8":[17],"9":[0],"10":[1],"11":[1]}}
,"/Users/romochka/Multiverse/esm-styles/src/lib/utils/tags.ts": {"path":"/Users/romochka/Multiverse/esm-styles/src/lib/utils/tags.ts","statementMap":{"0":{"start":{"line":4,"column":34},"end":{"line":117,"column":null}},"1":{"start":{"line":125,"column":2},"end":{"line":127,"column":3}},"2":{"start":{"line":126,"column":4},"end":{"line":126,"column":null}},"3":{"start":{"line":128,"column":2},"end":{"line":128,"column":null}}},"fnMap":{"0":{"name":"isHtmlTag","decl":{"start":{"line":124,"column":16},"end":{"line":124,"column":25}},"loc":{"start":{"line":124,"column":37},"end":{"line":129,"column":1}}}},"branchMap":{"0":{"loc":{"start":{"line":125,"column":2},"end":{"line":127,"column":3}},"type":"if","locations":[{"start":{"line":125,"column":2},"end":{"line":127,"column":3}}]}},"s":{"0":2,"1":110,"2":1,"3":109},"f":{"0":110},"b":{"0":[1]}}
,"/Users/romochka/Multiverse/esm-styles/src/lib/utils/traversal.ts": {"path":"/Users/romochka/Multiverse/esm-styles/src/lib/utils/traversal.ts","statementMap":{"0":{"start":{"line":35,"column":19},"end":{"line":35,"column":31}},"1":{"start":{"line":38,"column":2},"end":{"line":43,"column":3}},"2":{"start":{"line":39,"column":27},"end":{"line":40,"column":null}},"3":{"start":{"line":40,"column":6},"end":{"line":40,"column":67}},"4":{"start":{"line":42,"column":4},"end":{"line":42,"column":null}},"5":{"start":{"line":46,"column":2},"end":{"line":66,"column":3}},"6":{"start":{"line":47,"column":28},"end":{"line":62,"column":null}},"7":{"start":{"line":49,"column":24},"end":{"line":49,"column":64}},"8":{"start":{"line":50,"column":31},"end":{"line":56,"column":null}},"9":{"start":{"line":59,"column":8},"end":{"line":59,"column":null}},"10":{"start":{"line":60,"column":8},"end":{"line":60,"column":null}},"11":{"start":{"line":65,"column":4},"end":{"line":65,"column":null}},"12":{"start":{"line":69,"column":2},"end":{"line":69,"column":null}},"13":{"start":{"line":79,"column":2},"end":{"line":79,"column":null}},"14":{"start":{"line":79,"column":13},"end":{"line":79,"column":null}},"15":{"start":{"line":81,"column":18},"end":{"line":81,"column":46}},"16":{"start":{"line":84,"column":2},"end":{"line":86,"column":3}},"17":{"start":{"line":85,"column":4},"end":{"line":85,"column":null}},"18":{"start":{"line":89,"column":2},"end":{"line":91,"column":3}},"19":{"start":{"line":90,"column":4},"end":{"line":90,"column":null}},"20":{"start":{"line":94,"column":2},"end":{"line":100,"column":3}},"21":{"start":{"line":99,"column":4},"end":{"line":99,"column":null}},"22":{"start":{"line":103,"column":2},"end":{"line":105,"column":3}},"23":{"start":{"line":104,"column":4},"end":{"line":104,"column":null}},"24":{"start":{"line":108,"column":2},"end":{"line":110,"column":3}},"25":{"start":{"line":109,"column":4},"end":{"line":109,"column":null}},"26":{"start":{"line":112,"column":2},"end":{"line":112,"column":null}},"27":{"start":{"line":121,"column":2},"end":{"line":126,"column":null}}},"fnMap":{"0":{"name":"traverseObject","decl":{"start":{"line":27,"column":16},"end":{"line":27,"column":30}},"loc":{"start":{"line":33,"column":18},"end":{"line":70,"column":1}}},"1":{"name":"(anonymous_1)","decl":{"start":{"line":39,"column":36},"end":{"line":39,"column":37}},"loc":{"start":{"line":40,"column":6},"end":{"line":40,"column":67}}},"2":{"name":"(anonymous_2)","decl":{"start":{"line":48,"column":6},"end":{"line":48,"column":7}},"loc":{"start":{"line":48,"column":22},"end":{"line":61,"column":7}}},"3":{"name":"determineNodeType","decl":{"start":{"line":78,"column":16},"end":{"line":78,"column":33}},"loc":{"start":{"line":78,"column":58},"end":{"line":113,"column":1}}},"4":{"name":"isPrimitiveValue","decl":{"start":{"line":120,"column":9},"end":{"line":120,"column":25}},"loc":{"start":{"line":120,"column":36},"end":{"line":127,"column":1}}}},"branchMap":{"0":{"loc":{"start":{"line":30,"column":2},"end":{"line":30,"column":11}},"type":"default-arg","locations":[{"start":{"line":30,"column":9},"end":{"line":30,"column":11}}]},"1":{"loc":{"start":{"line":32,"column":2},"end":{"line":32,"column":12}},"type":"default-arg","locations":[{"start":{"line":32,"column":10},"end":{"line":32,"column":12}}]},"2":{"loc":{"start":{"line":33,"column":2},"end":{"line":33,"column":18}},"type":"default-arg","locations":[{"start":{"line":33,"column":14},"end":{"line":33,"column":18}}]},"3":{"loc":{"start":{"line":35,"column":19},"end":{"line":35,"column":31}},"type":"binary-expr","locations":[{"start":{"line":35,"column":19},"end":{"line":35,"column":23}},{"start":{"line":35,"column":27},"end":{"line":35,"column":31}}]},"4":{"loc":{"start":{"line":38,"column":2},"end":{"line":43,"column":3}},"type":"if","locations":[{"start":{"line":38,"column":2},"end":{"line":43,"column":3}}]},"5":{"loc":{"start":{"line":46,"column":2},"end":{"line":66,"column":3}},"type":"if","locations":[{"start":{"line":46,"column":2},"end":{"line":66,"column":3}}]},"6":{"loc":{"start":{"line":46,"column":6},"end":{"line":46,"column":47}},"type":"binary-expr","locations":[{"start":{"line":46,"column":6},"end":{"line":46,"column":19}},{"start":{"line":46,"column":23},"end":{"line":46,"column":47}}]},"7":{"loc":{"start":{"line":49,"column":24},"end":{"line":49,"column":64}},"type":"cond-expr","locations":[{"start":{"line":49,"column":31},"end":{"line":49,"column":58}},{"start":{"line":49,"column":61},"end":{"line":49,"column":64}}]},"8":{"loc":{"start":{"line":79,"column":2},"end":{"line":79,"column":null}},"type":"if","locations":[{"start":{"line":79,"column":2},"end":{"line":79,"column":null}}]},"9":{"loc":{"start":{"line":81,"column":18},"end":{"line":81,"column":46}},"type":"binary-expr","locations":[{"start":{"line":81,"column":18},"end":{"line":81,"column":40}},{"start":{"line":81,"column":44},"end":{"line":81,"column":46}}]},"10":{"loc":{"start":{"line":84,"column":2},"end":{"line":86,"column":3}},"type":"if","locations":[{"start":{"line":84,"column":2},"end":{"line":86,"column":3}}]},"11":{"loc":{"start":{"line":84,"column":6},"end":{"line":84,"column":57}},"type":"binary-expr","locations":[{"start":{"line":84,"column":6},"end":{"line":84,"column":29}},{"start":{"line":84,"column":33},"end":{"line":84,"column":57}}]},"12":{"loc":{"start":{"line":89,"column":2},"end":{"line":91,"column":3}},"type":"if","locations":[{"start":{"line":89,"column":2},"end":{"line":91,"column":3}}]},"13":{"loc":{"start":{"line":89,"column":6},"end":{"line":89,"column":74}},"type":"binary-expr","locations":[{"start":{"line":89,"column":6},"end":{"line":89,"column":29}},{"start":{"line":89,"column":33},"end":{"line":89,"column":57}},{"start":{"line":89,"column":61},"end":{"line":89,"column":74}}]},"14":{"loc":{"start":{"line":94,"column":2},"end":{"line":100,"column":3}},"type":"if","locations":[{"start":{"line":94,"column":2},"end":{"line":100,"column":3}}]},"15":{"loc":{"start":{"line":95,"column":4},"end":{"line":97,"column":17}},"type":"binary-expr","locations":[{"start":{"line":95,"column":4},"end":{"line":95,"column":31}},{"start":{"line":96,"column":4},"end":{"line":96,"column":28}},{"start":{"line":97,"column":4},"end":{"line":97,"column":17}}]},"16":{"loc":{"start":{"line":103,"column":2},"end":{"line":105,"column":3}},"type":"if","locations":[{"start":{"line":103,"column":2},"end":{"line":105,"column":3}}]},"17":{"loc":{"start":{"line":108,"column":2},"end":{"line":110,"column":3}},"type":"if","locations":[{"start":{"line":108,"column":2},"end":{"line":110,"column":3}}]},"18":{"loc":{"start":{"line":122,"column":4},"end":{"line":125,"column":30}},"type":"binary-expr","locations":[{"start":{"line":122,"column":4},"end":{"line":122,"column":18}},{"start":{"line":123,"column":4},"end":{"line":123,"column":29}},{"start":{"line":124,"column":4},"end":{"line":124,"column":29}},{"start":{"line":125,"column":4},"end":{"line":125,"column":30}}]}},"s":{"0":85,"1":85,"2":0,"3":0,"4":0,"5":85,"6":50,"7":72,"8":72,"9":72,"10":72,"11":50,"12":35,"13":72,"14":0,"15":72,"16":72,"17":1,"18":71,"19":2,"20":69,"21":0,"22":69,"23":3,"24":66,"25":34,"26":32,"27":66},"f":{"0":85,"1":0,"2":72,"3":72,"4":66},"b":{"0":[13],"1":[13],"2":[13],"3":[85,13],"4":[0],"5":[50],"6":[85,85],"7":[54,18],"8":[0],"9":[72,0],"10":[1],"11":[72,3],"12":[2],"13":[71,2,2],"14":[0],"15":[69,0,0],"16":[3],"17":[34],"18":[66,66,37,32]}}
}
