TN:
SF:src/lib/getCss.ts
FN:27,getCss
FN:42,(anonymous_1)
FN:55,(anonymous_2)
FN:56,(anonymous_3)
FN:57,(anonymous_4)
FN:62,(anonymous_5)
FN:184,(anonymous_6)
FN:210,(anonymous_7)
FN:291,mergeDeep
FN:295,(anonymous_9)
FN:319,isObject
FNF:11
FNH:10
FNDA:13,getCss
FNDA:85,(anonymous_1)
FNDA:56,(anonymous_2)
FNDA:3,(anonymous_3)
FNDA:6,(anonymous_4)
FNDA:6,(anonymous_5)
FNDA:1,(anonymous_6)
FNDA:0,(anonymous_7)
FNDA:48,mergeDeep
FNDA:48,(anonymous_9)
FNDA:145,isObject
DA:34,13
DA:35,13
DA:36,13
DA:37,13
DA:38,13
DA:39,13
DA:42,13
DA:43,85
DA:45,72
DA:46,72
DA:47,72
DA:49,72
DA:52,34
DA:55,56
DA:56,1
DA:57,6
DA:59,1
DA:62,1
DA:63,6
DA:64,6
DA:67,6
DA:68,0
DA:72,6
DA:76,6
DA:80,33
DA:81,33
DA:84,33
DA:85,2
DA:89,33
DA:93,33
DA:95,34
DA:100,1
DA:101,1
DA:102,1
DA:104,1
DA:109,2
DA:110,2
DA:111,2
DA:112,2
DA:117,0
DA:118,0
DA:119,0
DA:120,0
DA:125,3
DA:126,3
DA:128,3
DA:130,0
DA:131,0
DA:132,0
DA:133,0
DA:136,3
DA:138,3
DA:140,1
DA:141,2
DA:143,2
DA:146,0
DA:147,0
DA:152,3
DA:154,3
DA:155,3
DA:159,3
DA:164,3
DA:168,72
DA:172,13
DA:175,13
DA:176,1
DA:180,13
DA:181,1
DA:183,1
DA:186,1
DA:187,1
DA:189,1
DA:195,1
DA:200,1
DA:201,1
DA:206,13
DA:207,0
DA:209,0
DA:212,0
DA:213,0
DA:215,0
DA:221,0
DA:228,0
DA:229,0
DA:234,13
DA:235,2
DA:236,2
DA:237,2
DA:242,13
DA:244,0
DA:249,0
DA:252,0
DA:254,0
DA:256,0
DA:257,0
DA:258,0
DA:260,0
DA:263,0
DA:269,0
DA:270,0
DA:274,0
DA:275,0
DA:282,13
DA:292,48
DA:294,48
DA:295,48
DA:296,48
DA:297,45
DA:298,41
DA:300,4
DA:306,3
DA:311,48
DA:320,145
LF:113
LH:81
BRDA:29,0,0,11
BRDA:30,1,0,12
BRDA:43,2,0,13
BRDA:47,3,0,72
BRDA:47,3,1,0
BRDA:49,4,0,34
BRDA:49,4,1,1
BRDA:49,4,2,2
BRDA:49,4,3,0
BRDA:49,4,4,3
BRDA:55,5,0,1
BRDA:55,5,1,33
BRDA:67,6,0,0
BRDA:84,7,0,2
BRDA:100,8,0,0
BRDA:100,8,1,1
BRDA:101,9,0,1
BRDA:128,10,0,0
BRDA:128,10,1,3
BRDA:131,11,0,0
BRDA:131,11,1,0
BRDA:138,12,0,1
BRDA:138,12,1,2
BRDA:141,13,0,2
BRDA:141,13,1,0
BRDA:154,14,0,3
BRDA:175,15,0,1
BRDA:180,16,0,1
BRDA:187,17,0,0
BRDA:195,18,0,1
BRDA:195,18,1,0
BRDA:200,19,0,1
BRDA:206,20,0,0
BRDA:213,21,0,0
BRDA:221,22,0,0
BRDA:221,22,1,0
BRDA:228,23,0,0
BRDA:234,24,0,2
BRDA:236,25,0,2
BRDA:242,26,0,0
BRDA:252,27,0,0
BRDA:258,28,0,0
BRDA:258,29,0,0
BRDA:258,29,1,0
BRDA:269,30,0,0
BRDA:274,31,0,0
BRDA:294,32,0,48
BRDA:294,33,0,48
BRDA:294,33,1,48
BRDA:296,34,0,45
BRDA:296,34,1,3
BRDA:297,35,0,41
BRDA:297,35,1,4
BRDA:320,36,0,145
BRDA:320,36,1,145
BRDA:320,36,2,142
BRF:56
BRH:34
end_of_record
TN:
SF:src/lib/utils/common.ts
FN:10,getObjectType
FN:24,isEndValue
FN:34,indent
FN:37,(anonymous_3)
FN:46,jsKeyToCssKey
FNF:5
FNH:5
FNDA:18,getObjectType
FNDA:10,isEndValue
FNDA:6,indent
FNDA:13,(anonymous_3)
FNDA:47,jsKeyToCssKey
DA:11,18
DA:25,10
DA:35,6
DA:37,13
DA:48,47
DA:49,47
DA:52,47
DA:54,47
LF:8
LH:8
BRDA:12,0,0,18
BRDA:12,0,1,0
BRDA:34,1,0,5
BRDA:48,2,0,47
BRDA:48,2,1,43
BRF:5
BRH:4
end_of_record
TN:
SF:src/lib/utils/content.ts
FN:12,formatContentValue
FN:26,(anonymous_1)
FNF:2
FNH:2
FNDA:11,formatContentValue
FNDA:25,(anonymous_1)
DA:15,11
DA:17,10
DA:20,10
DA:21,2
DA:25,8
DA:27,25
DA:28,25
DA:32,25
DA:33,3
DA:36,22
DA:41,8
LF:11
LH:11
BRDA:15,0,0,1
BRDA:20,1,0,2
BRDA:28,2,0,0
BRDA:32,3,0,3
BRDA:32,4,0,25
BRDA:32,4,1,22
BRF:6
BRH:5
end_of_record
TN:
SF:src/lib/utils/media.ts
FN:16,processMediaQueries
FN:27,(anonymous_1)
FN:63,(anonymous_2)
FN:71,isMediaQuery
FN:81,isNamedMediaQuery
FNF:5
FNH:3
FNDA:2,processMediaQueries
FNDA:3,(anonymous_1)
FNDA:3,(anonymous_2)
FNDA:0,isMediaQuery
FNDA:0,isNamedMediaQuery
DA:20,2
DA:21,0
DA:24,2
DA:27,2
DA:29,3
DA:30,3
DA:32,3
DA:38,0
DA:39,3
DA:41,3
DA:45,3
DA:48,3
DA:49,0
DA:52,3
DA:54,3
DA:55,0
DA:59,3
DA:63,3
DA:72,0
DA:85,0
DA:86,0
LF:21
LH:14
BRDA:18,0,0,0
BRDA:20,1,0,0
BRDA:20,2,0,2
BRDA:20,2,1,2
BRDA:32,3,0,0
BRDA:32,3,1,3
BRDA:33,4,0,3
BRDA:33,4,1,0
BRDA:33,4,2,0
BRDA:39,5,0,3
BRDA:48,6,0,0
BRDA:54,7,0,0
BRDA:72,8,0,0
BRDA:72,8,1,0
BRDA:86,9,0,0
BRDA:86,9,1,0
BRDA:86,9,2,0
BRF:17
BRH:5
end_of_record
TN:
SF:src/lib/utils/obj2css.ts
FN:10,obj2css
FN:87,prettifyCss
FNF:2
FNH:2
FNDA:16,obj2css
FNDA:13,prettifyCss
DA:12,16
DA:15,16
DA:56,16
DA:57,16
DA:59,16
DA:60,16
DA:62,16
DA:63,0
DA:66,16
DA:67,16
DA:70,0
DA:71,0
DA:75,0
DA:79,16
DA:88,13
LF:15
LH:11
BRDA:62,0,0,0
BRDA:62,0,1,16
BRDA:66,1,0,16
BRDA:66,1,1,0
BRDA:70,2,0,0
BRDA:70,2,1,0
BRF:6
BRH:2
end_of_record
TN:
SF:src/lib/utils/selectors.ts
FN:12,joinSelectors
FN:87,cartesianSelectors
FN:94,(anonymous_2)
FN:94,(anonymous_3)
FN:94,(anonymous_4)
FN:98,(anonymous_5)
FNF:6
FNH:6
FNDA:57,joinSelectors
FNDA:4,cartesianSelectors
FNDA:5,(anonymous_2)
FNDA:7,(anonymous_3)
FNDA:15,(anonymous_4)
FNDA:10,(anonymous_5)
DA:13,57
DA:14,57
DA:16,57
DA:18,105
DA:20,105
DA:22,105
DA:24,80
DA:26,25
DA:27,25
DA:30,25
DA:31,0
DA:35,25
DA:36,2
DA:37,2
DA:41,25
DA:42,5
DA:43,5
DA:45,0
DA:50,25
DA:51,17
DA:55,25
DA:56,0
DA:59,25
DA:64,57
DA:67,57
DA:79,57
DA:89,4
DA:90,3
DA:93,2
DA:94,15
DA:98,2
DA:100,10
LF:32
LH:29
BRDA:13,0,0,1
BRDA:13,0,1,56
BRDA:18,1,0,0
BRDA:22,2,0,80
BRDA:22,2,1,25
BRDA:30,3,0,0
BRDA:35,4,0,2
BRDA:41,5,0,5
BRDA:43,6,0,0
BRDA:50,7,0,17
BRDA:51,8,0,17
BRDA:55,9,0,0
BRDA:89,10,0,1
BRDA:90,11,0,1
BRF:14
BRH:10
end_of_record
TN:
SF:src/lib/utils/tags.ts
FN:124,isHtmlTag
FNF:1
FNH:1
FNDA:110,isHtmlTag
DA:4,2
DA:125,110
DA:126,1
DA:128,109
LF:4
LH:4
BRDA:125,0,0,1
BRF:1
BRH:1
end_of_record
TN:
SF:src/lib/utils/traversal.ts
FN:27,traverseObject
FN:39,(anonymous_1)
FN:48,(anonymous_2)
FN:78,determineNodeType
FN:120,isPrimitiveValue
FNF:5
FNH:4
FNDA:85,traverseObject
FNDA:0,(anonymous_1)
FNDA:72,(anonymous_2)
FNDA:72,determineNodeType
FNDA:66,isPrimitiveValue
DA:35,85
DA:38,85
DA:39,0
DA:40,0
DA:42,0
DA:46,85
DA:47,50
DA:49,72
DA:50,72
DA:59,72
DA:60,72
DA:65,50
DA:69,35
DA:79,72
DA:81,72
DA:84,72
DA:85,1
DA:89,71
DA:90,2
DA:94,69
DA:99,0
DA:103,69
DA:104,3
DA:108,66
DA:109,34
DA:112,32
DA:121,66
LF:27
LH:23
BRDA:30,0,0,13
BRDA:32,1,0,13
BRDA:33,2,0,13
BRDA:35,3,0,85
BRDA:35,3,1,13
BRDA:38,4,0,0
BRDA:46,5,0,50
BRDA:46,6,0,85
BRDA:46,6,1,85
BRDA:49,7,0,54
BRDA:49,7,1,18
BRDA:79,8,0,0
BRDA:81,9,0,72
BRDA:81,9,1,0
BRDA:84,10,0,1
BRDA:84,11,0,72
BRDA:84,11,1,3
BRDA:89,12,0,2
BRDA:89,13,0,71
BRDA:89,13,1,2
BRDA:89,13,2,2
BRDA:94,14,0,0
BRDA:95,15,0,69
BRDA:95,15,1,0
BRDA:95,15,2,0
BRDA:103,16,0,3
BRDA:108,17,0,34
BRDA:122,18,0,66
BRDA:122,18,1,66
BRDA:122,18,2,37
BRDA:122,18,3,32
BRF:31
BRH:25
end_of_record
