TN:
SF:src/lib/index.ts
FN:28,walk
FN:53,(anonymous_1)
FN:69,renderRules
FN:83,renderMedia
FN:95,renderLayers
FN:107,getCss
FNF:6
FNH:6
FNDA:41,walk
FNDA:4,(anonymous_1)
FNDA:15,renderRules
FNDA:15,renderMedia
FNDA:15,renderLayers
FNDA:13,getCss
DA:33,41
DA:34,41
DA:35,49
DA:36,49
DA:38,23
DA:39,23
DA:40,26
DA:41,26
DA:43,1
DA:44,1
DA:45,1
DA:46,25
DA:48,1
DA:49,1
DA:50,1
DA:51,24
DA:53,4
DA:54,2
DA:55,4
DA:58,22
DA:62,41
DA:63,20
DA:64,20
DA:66,41
DA:72,15
DA:73,15
DA:74,20
DA:75,20
DA:76,23
DA:78,20
DA:80,15
DA:84,15
DA:85,15
DA:86,1
DA:87,1
DA:88,1
DA:89,1
DA:90,1
DA:92,15
DA:96,15
DA:97,15
DA:98,1
DA:99,1
DA:100,1
DA:101,1
DA:102,1
DA:104,15
DA:112,13
DA:113,13
DA:114,13
DA:115,13
DA:116,13
DA:117,13
LF:53
LH:53
BRDA:30,0,0,13
BRDA:31,1,0,13
BRDA:36,2,0,23
BRDA:36,2,1,26
BRDA:39,3,0,1
BRDA:39,3,1,22
BRDA:40,4,0,26
BRDA:40,5,0,26
BRDA:40,5,1,26
BRDA:41,6,0,1
BRDA:41,6,1,25
BRDA:43,7,0,1
BRDA:46,8,0,1
BRDA:46,8,1,24
BRDA:48,9,0,1
BRDA:51,10,0,2
BRDA:51,10,1,22
BRDA:62,11,0,20
BRDA:109,12,0,13
BRF:19
BRH:19
end_of_record
TN:
SF:src/lib/utils/cartesian.ts
FN:4,cartesianProduct
FN:6,(anonymous_1)
FN:6,(anonymous_2)
FN:6,(anonymous_3)
FNF:4
FNH:0
FNDA:0,cartesianProduct
FNDA:0,(anonymous_1)
FNDA:0,(anonymous_2)
FNDA:0,(anonymous_3)
DA:5,0
DA:6,0
LF:2
LH:0
BRDA:5,0,0,0
BRF:1
BRH:0
end_of_record
TN:
SF:src/lib/utils/content.ts
FN:4,(anonymous_0)
FN:11,(anonymous_1)
FNF:2
FNH:2
FNDA:1,(anonymous_0)
FNDA:2,(anonymous_1)
DA:4,1
DA:5,1
DA:7,1
DA:9,1
DA:12,2
DA:13,2
DA:15,2
DA:18,1
LF:8
LH:8
BRDA:5,0,0,0
BRDA:7,1,0,0
BRDA:7,2,0,1
BRDA:7,2,1,1
BRDA:13,3,0,0
BRF:5
BRH:2
end_of_record
TN:
SF:src/lib/utils/endValue.ts
FN:4,(anonymous_0)
FN:8,(anonymous_1)
FNF:2
FNH:1
FNDA:49,(anonymous_0)
FNDA:0,(anonymous_1)
DA:4,1
DA:5,49
DA:6,49
DA:7,26
DA:8,0
DA:10,26
LF:6
LH:5
BRDA:5,0,0,0
BRDA:6,1,0,23
BRDA:6,2,0,49
BRDA:6,2,1,26
BRDA:7,3,0,0
BRDA:8,4,0,0
BRDA:8,4,1,0
BRF:7
BRH:3
end_of_record
TN:
SF:src/lib/utils/format.ts
FN:4,(anonymous_0)
FNF:1
FNH:1
FNDA:13,(anonymous_0)
DA:4,1
DA:6,13
LF:2
LH:2
BRF:0
BRH:0
end_of_record
TN:
SF:src/lib/utils/key.ts
FN:4,(anonymous_0)
FNF:1
FNH:1
FNDA:23,(anonymous_0)
DA:4,1
DA:6,23
LF:2
LH:2
BRF:0
BRH:0
end_of_record
TN:
SF:src/lib/utils/selector.ts
FN:148,(anonymous_0)
FN:153,(anonymous_1)
FN:163,(anonymous_2)
FN:168,(anonymous_3)
FN:170,(anonymous_4)
FNF:5
FNH:2
FNDA:0,(anonymous_0)
FNDA:0,(anonymous_1)
FNDA:0,(anonymous_2)
FNDA:20,(anonymous_3)
FNDA:28,(anonymous_4)
DA:11,1
DA:148,1
DA:150,0
DA:153,1
DA:155,0
DA:163,1
DA:165,0
DA:168,1
DA:170,20
DA:171,28
DA:173,2
DA:174,26
DA:176,1
DA:177,25
DA:184,6
DA:186,19
LF:16
LH:13
BRDA:156,0,0,0
BRDA:156,0,1,0
BRDA:156,0,2,0
BRDA:156,0,3,0
BRDA:171,1,0,2
BRDA:171,1,1,26
BRDA:173,2,0,2
BRDA:173,2,1,0
BRDA:174,3,0,1
BRDA:174,3,1,25
BRDA:176,4,0,0
BRDA:176,4,1,1
BRDA:177,5,0,6
BRDA:177,5,1,19
BRDA:178,6,0,25
BRDA:178,6,1,23
BRDA:178,6,2,23
BRDA:178,6,3,21
BRDA:186,7,0,0
BRDA:186,7,1,19
BRF:20
BRH:13
end_of_record
